<?xml version="1.0" encoding="UTF-8"?>
<!-- Generated by org.testng.reporters.JUnitXMLReporter -->
<testsuite hostname="HDC3-D-426QWJF" name="Booking" tests="1" failures="1" timestamp="18 Jan 2018 10:31:36 GMT" time="40.903" errors="0">
  <testcase name="bookingFlowTest" time="31.523" classname="com.wyn.automaton.workflows.BookingWorkflow">
    <failure type="java.lang.IllegalStateException" message="Cannot get a STRING value from a NUMERIC cell">
      <![CDATA[java.lang.IllegalStateException: Cannot get a STRING value from a NUMERIC cell
	at org.apache.poi.xssf.usermodel.XSSFCell.typeMismatch(XSSFCell.java:1050)
	at org.apache.poi.xssf.usermodel.XSSFCell.getRichStringCellValue(XSSFCell.java:404)
	at org.apache.poi.xssf.usermodel.XSSFCell.getStringCellValue(XSSFCell.java:356)
	at com.wyn.automation.utils.ExcelUtils.getCellAddress(ExcelUtils.java:84)
	at com.wyn.automation.base.BasePageTest.getTestCaseRowNumber(BasePageTest.java:109)
	at com.wyn.automaton.workflows.BookingWorkflow.bookingFlowTest(BookingWorkflow.java:26)
... Removed 24 stack frames]]>
    </failure>
  </testcase> <!-- bookingFlowTest -->
</testsuite> <!-- Booking -->
