<?xml version="1.0" encoding="UTF-8"?>
<!-- Generated by org.testng.reporters.JUnitXMLReporter -->
<testsuite hostname="HDC3-D-426QWJF" name="BookingFlow" tests="1" failures="1" timestamp="31 Jan 2018 14:27:39 GMT" time="3382.383" errors="0">
  <testcase name="bookingFlowTest" time="3372.623" classname="com.wyn.automaton.workflows.BookingWorkflow">
    <failure type="java.lang.StackOverflowError">
      <![CDATA[java.lang.StackOverflowError
	at java.security.AccessController.doPrivileged(Native Method)
	at sun.net.spi.DefaultProxySelector.select(DefaultProxySelector.java:207)
	at java.net.SocksSocketImpl.connect(SocksSocketImpl.java:384)
	at java.net.Socket.connect(Socket.java:589)
	at org.apache.http.conn.socket.PlainConnectionSocketFactory.connectSocket(PlainConnectionSocketFactory.java:75)
	at org.apache.http.impl.conn.DefaultHttpClientConnectionOperator.connect(DefaultHttpClientConnectionOperator.java:142)
	at org.apache.http.impl.conn.PoolingHttpClientConnectionManager.connect(PoolingHttpClientConnectionManager.java:359)
	at org.apache.http.impl.execchain.MainClientExec.establishRoute(MainClientExec.java:381)
	at org.apache.http.impl.execchain.MainClientExec.execute(MainClientExec.java:237)
	at org.apache.http.impl.execchain.ProtocolExec.execute(ProtocolExec.java:185)
	at org.apache.http.impl.execchain.RetryExec.execute(RetryExec.java:89)
	at org.apache.http.impl.execchain.RedirectExec.execute(RedirectExec.java:111)
	at org.apache.http.impl.client.InternalHttpClient.doExecute(InternalHttpClient.java:185)
	at org.apache.http.impl.client.CloseableHttpClient.execute(CloseableHttpClient.java:72)
	at org.apache.http.impl.client.CloseableHttpClient.execute(CloseableHttpClient.java:56)
	at org.openqa.selenium.remote.internal.ApacheHttpClient.fallBackExecute(ApacheHttpClient.java:139)
	at org.openqa.selenium.remote.internal.ApacheHttpClient.execute(ApacheHttpClient.java:87)
	at org.openqa.selenium.remote.HttpCommandExecutor.execute(HttpCommandExecutor.java:161)
	at org.openqa.selenium.remote.service.DriverCommandExecutor.execute(DriverCommandExecutor.java:82)
	at org.openqa.selenium.remote.RemoteWebDriver.execute(RemoteWebDriver.java:646)
	at org.openqa.selenium.remote.RemoteWebDriver.findElement(RemoteWebDriver.java:416)
	at org.openqa.selenium.remote.RemoteWebDriver.findElementByXPath(RemoteWebDriver.java:518)
	at org.openqa.selenium.By$ByXPath.findElement(By.java:361)
	at org.openqa.selenium.remote.RemoteWebDriver.findElement(RemoteWebDriver.java:408)
	at org.openqa.selenium.support.pagefactory.DefaultElementLocator.findElement(DefaultElementLocator.java:59)
	at org.openqa.selenium.support.pagefactory.internal.LocatingElementHandler.invoke(LocatingElementHandler.java:34)
	at com.sun.proxy.$Proxy10.click(Unknown Source)
	at com.wyn.automation.pages.ConfirmationPage.verfyConfirmationPage(ConfirmationPage.java:49)
	at com.wyn.automation.pages.ConfirmationPage.verfyConfirmationPage(ConfirmationPage.java:52)
	at com.wyn.automation.pages.ConfirmationPage.verfyConfirmationPage(ConfirmationPage.java:52)
	at com.wyn.automation.pages.ConfirmationPage.verfyConfirmationPage(ConfirmationPage.java:52)
	at com.wyn.automation.pages.ConfirmationPage.verfyConfirmationPage(ConfirmationPage.java:52)
	at com.wyn.automation.pages.ConfirmationPage.verfyConfirmationPage(ConfirmationPage.java:52)
	at com.wyn.automation.pages.ConfirmationPage.verfyConfirmationPage(ConfirmationPage.java:52)
	at com.wyn.automation.pages.ConfirmationPage.verfyConfirmationPage(ConfirmationPage.java:52)
	at com.wyn.automation.pages.ConfirmationPage.verfyConfirmationPage(ConfirmationPage.java:52)
	at com.wyn.automation.pages.ConfirmationPage.verfyConfirmationPage(ConfirmationPage.java:52)
	at com.wyn.automation.pages.ConfirmationPage.verfyConfirmationPage(ConfirmationPage.java:52)
	at com.wyn.automation.pages.ConfirmationPage.verfyConfirmationPage(ConfirmationPage.java:52)
	at com.wyn.automation.pages.ConfirmationPage.verfyConfirmationPage(ConfirmationPage.java:52)
	at com.wyn.automation.pages.ConfirmationPage.verfyConfirmationPage(ConfirmationPage.java:52)
	at com.wyn.automation.pages.ConfirmationPage.verfyConfirmationPage(ConfirmationPage.java:52)
	at com.wyn.automation.pages.ConfirmationPage.verfyConfirmationPage(ConfirmationPage.java:52)
	at com.wyn.automation.pages.ConfirmationPage.verfyConfirmationPage(ConfirmationPage.java:52)
	at com.wyn.automation.pages.ConfirmationPage.verfyConfirmationPage(ConfirmationPage.java:52)
	at com.wyn.automation.pages.ConfirmationPage.verfyConfirmationPage(ConfirmationPage.java:52)
	at com.wyn.automation.pages.ConfirmationPage.verfyConfirmationPage(ConfirmationPage.java:52)
	at com.wyn.automation.pages.ConfirmationPage.verfyConfirmationPage(ConfirmationPage.java:52)
	at com.wyn.automation.pages.ConfirmationPage.verfyConfirmationPage(ConfirmationPage.java:52)
	at com.wyn.automation.pages.ConfirmationPage.verfyConfirmationPage(ConfirmationPage.java:52)
	at com.wyn.automation.pages.ConfirmationPage.verfyConfirmationPage(ConfirmationPage.java:52)
	at com.wyn.automation.pages.ConfirmationPage.verfyConfirmationPage(ConfirmationPage.java:52)
	at com.wyn.automation.pages.ConfirmationPage.verfyConfirmationPage(ConfirmationPage.java:52)
	at com.wyn.automation.pages.ConfirmationPage.verfyConfirmationPage(ConfirmationPage.java:52)
	at com.wyn.automation.pages.ConfirmationPage.verfyConfirmationPage(ConfirmationPage.java:52)
	at com.wyn.automation.pages.ConfirmationPage.verfyConfirmationPage(ConfirmationPage.java:52)
	at com.wyn.automation.pages.ConfirmationPage.verfyConfirmationPage(ConfirmationPage.java:52)
	at com.wyn.automation.pages.ConfirmationPage.verfyConfirmationPage(ConfirmationPage.java:52)
	at com.wyn.automation.pages.ConfirmationPage.verfyConfirmationPage(ConfirmationPage.java:52)
	at com.wyn.automation.pages.ConfirmationPage.verfyConfirmationPage(ConfirmationPage.java:52)
	at com.wyn.automation.pages.ConfirmationPage.verfyConfirmationPage(ConfirmationPage.java:52)
	at com.wyn.automation.pages.ConfirmationPage.verfyConfirmationPage(ConfirmationPage.java:52)
	at com.wyn.automation.pages.ConfirmationPage.verfyConfirmationPage(ConfirmationPage.java:52)
	at com.wyn.automation.pages.ConfirmationPage.verfyConfirmationPage(ConfirmationPage.java:52)
	at com.wyn.automation.pages.ConfirmationPage.verfyConfirmationPage(ConfirmationPage.java:52)
	at com.wyn.automation.pages.ConfirmationPage.verfyConfirmationPage(ConfirmationPage.java:52)
	at com.wyn.automation.pages.ConfirmationPage.verfyConfirmationPage(ConfirmationPage.java:52)
	at com.wyn.automation.pages.ConfirmationPage.verfyConfirmationPage(ConfirmationPage.java:52)
	at com.wyn.automation.pages.ConfirmationPage.verfyConfirmationPage(ConfirmationPage.java:52)
	at com.wyn.automation.pages.ConfirmationPage.verfyConfirmationPage(ConfirmationPage.java:52)
	at com.wyn.automation.pages.ConfirmationPage.verfyConfirmationPage(ConfirmationPage.java:52)
	at com.wyn.automation.pages.ConfirmationPage.verfyConfirmationPage(ConfirmationPage.java:52)
	at com.wyn.automation.pages.ConfirmationPage.verfyConfirmationPage(ConfirmationPage.java:52)
	at com.wyn.automation.pages.ConfirmationPage.verfyConfirmationPage(ConfirmationPage.java:52)
	at com.wyn.automation.pages.ConfirmationPage.verfyConfirmationPage(ConfirmationPage.java:52)
	at com.wyn.automation.pages.ConfirmationPage.verfyConfirmationPage(ConfirmationPage.java:52)
	at com.wyn.automation.pages.ConfirmationPage.verfyConfirmationPage(ConfirmationPage.java:52)
	at com.wyn.automation.pages.ConfirmationPage.verfyConfirmationPage(ConfirmationPage.java:52)
	at com.wyn.automation.pages.ConfirmationPage.verfyConfirmationPage(ConfirmationPage.java:52)
	at com.wyn.automation.pages.ConfirmationPage.verfyConfirmationPage(ConfirmationPage.java:52)
	at com.wyn.automation.pages.ConfirmationPage.verfyConfirmationPage(ConfirmationPage.java:52)
	at com.wyn.automation.pages.ConfirmationPage.verfyConfirmationPage(ConfirmationPage.java:52)
	at com.wyn.automation.pages.ConfirmationPage.verfyConfirmationPage(ConfirmationPage.java:52)
	at com.wyn.automation.pages.ConfirmationPage.verfyConfirmationPage(ConfirmationPage.java:52)
	at com.wyn.automation.pages.ConfirmationPage.verfyConfirmationPage(ConfirmationPage.java:52)
	at com.wyn.automation.pages.ConfirmationPage.verfyConfirmationPage(ConfirmationPage.java:52)
	at com.wyn.automation.pages.ConfirmationPage.verfyConfirmationPage(ConfirmationPage.java:52)
	at com.wyn.automation.pages.ConfirmationPage.verfyConfirmationPage(ConfirmationPage.java:52)
	at com.wyn.automation.pages.ConfirmationPage.verfyConfirmationPage(ConfirmationPage.java:52)
	at com.wyn.automation.pages.ConfirmationPage.verfyConfirmationPage(ConfirmationPage.java:52)
	at com.wyn.automation.pages.ConfirmationPage.verfyConfirmationPage(ConfirmationPage.java:52)
	at com.wyn.automation.pages.ConfirmationPage.verfyConfirmationPage(ConfirmationPage.java:52)
	at com.wyn.automation.pages.ConfirmationPage.verfyConfirmationPage(ConfirmationPage.java:52)
	at com.wyn.automation.pages.ConfirmationPage.verfyConfirmationPage(ConfirmationPage.java:52)
	at com.wyn.automation.pages.ConfirmationPage.verfyConfirmationPage(ConfirmationPage.java:52)
	at com.wyn.automation.pages.ConfirmationPage.verfyConfirmationPage(ConfirmationPage.java:52)
	at com.wyn.automation.pages.ConfirmationPage.verfyConfirmationPage(ConfirmationPage.java:52)
	at com.wyn.automation.pages.ConfirmationPage.verfyConfirmationPage(ConfirmationPage.java:52)
	at com.wyn.automation.pages.ConfirmationPage.verfyConfirmationPage(ConfirmationPage.java:52)
	at com.wyn.automation.pages.ConfirmationPage.verfyConfirmationPage(ConfirmationPage.java:52)
	at com.wyn.automation.pages.ConfirmationPage.verfyConfirmationPage(ConfirmationPage.java:52)
	at com.wyn.automation.pages.ConfirmationPage.verfyConfirmationPage(ConfirmationPage.java:52)
	at com.wyn.automation.pages.ConfirmationPage.verfyConfirmationPage(ConfirmationPage.java:52)
	at com.wyn.automation.pages.ConfirmationPage.verfyConfirmationPage(ConfirmationPage.java:52)
	at com.wyn.automation.pages.ConfirmationPage.verfyConfirmationPage(ConfirmationPage.java:52)
	at com.wyn.automation.pages.ConfirmationPage.verfyConfirmationPage(ConfirmationPage.java:52)
	at com.wyn.automation.pages.ConfirmationPage.verfyConfirmationPage(ConfirmationPage.java:52)
	at com.wyn.automation.pages.ConfirmationPage.verfyConfirmationPage(ConfirmationPage.java:52)
	at com.wyn.automation.pages.ConfirmationPage.verfyConfirmationPage(ConfirmationPage.java:52)
	at com.wyn.automation.pages.ConfirmationPage.verfyConfirmationPage(ConfirmationPage.java:52)
	at com.wyn.automation.pages.ConfirmationPage.verfyConfirmationPage(ConfirmationPage.java:52)
	at com.wyn.automation.pages.ConfirmationPage.verfyConfirmationPage(ConfirmationPage.java:52)
	at com.wyn.automation.pages.ConfirmationPage.verfyConfirmationPage(ConfirmationPage.java:52)
	at com.wyn.automation.pages.ConfirmationPage.verfyConfirmationPage(ConfirmationPage.java:52)
	at com.wyn.automation.pages.ConfirmationPage.verfyConfirmationPage(ConfirmationPage.java:52)
	at com.wyn.automation.pages.ConfirmationPage.verfyConfirmationPage(ConfirmationPage.java:52)
	at com.wyn.automation.pages.ConfirmationPage.verfyConfirmationPage(ConfirmationPage.java:52)
	at com.wyn.automation.pages.ConfirmationPage.verfyConfirmationPage(ConfirmationPage.java:52)
	at com.wyn.automation.pages.ConfirmationPage.verfyConfirmationPage(ConfirmationPage.java:52)
	at com.wyn.automation.pages.ConfirmationPage.verfyConfirmationPage(ConfirmationPage.java:52)
	at com.wyn.automation.pages.ConfirmationPage.verfyConfirmationPage(ConfirmationPage.java:52)
	at com.wyn.automation.pages.ConfirmationPage.verfyConfirmationPage(ConfirmationPage.java:52)
	at com.wyn.automation.pages.ConfirmationPage.verfyConfirmationPage(ConfirmationPage.java:52)
	at com.wyn.automation.pages.ConfirmationPage.verfyConfirmationPage(ConfirmationPage.java:52)
	at com.wyn.automation.pages.ConfirmationPage.verfyConfirmationPage(ConfirmationPage.java:52)
	at com.wyn.automation.pages.ConfirmationPage.verfyConfirmationPage(ConfirmationPage.java:52)
	at com.wyn.automation.pages.ConfirmationPage.verfyConfirmationPage(ConfirmationPage.java:52)
	at com.wyn.automation.pages.ConfirmationPage.verfyConfirmationPage(ConfirmationPage.java:52)
	at com.wyn.automation.pages.ConfirmationPage.verfyConfirmationPage(ConfirmationPage.java:52)
	at com.wyn.automation.pages.ConfirmationPage.verfyConfirmationPage(ConfirmationPage.java:52)
	at com.wyn.automation.pages.ConfirmationPage.verfyConfirmationPage(ConfirmationPage.java:52)
	at com.wyn.automation.pages.ConfirmationPage.verfyConfirmationPage(ConfirmationPage.java:52)
	at com.wyn.automation.pages.ConfirmationPage.verfyConfirmationPage(ConfirmationPage.java:52)
	at com.wyn.automation.pages.ConfirmationPage.verfyConfirmationPage(ConfirmationPage.java:52)
	at com.wyn.automation.pages.ConfirmationPage.verfyConfirmationPage(ConfirmationPage.java:52)
	at com.wyn.automation.pages.ConfirmationPage.verfyConfirmationPage(ConfirmationPage.java:52)
	at com.wyn.automation.pages.ConfirmationPage.verfyConfirmationPage(ConfirmationPage.java:52)
	at com.wyn.automation.pages.ConfirmationPage.verfyConfirmationPage(ConfirmationPage.java:52)
	at com.wyn.automation.pages.ConfirmationPage.verfyConfirmationPage(ConfirmationPage.java:52)
	at com.wyn.automation.pages.ConfirmationPage.verfyConfirmationPage(ConfirmationPage.java:52)
	at com.wyn.automation.pages.ConfirmationPage.verfyConfirmationPage(ConfirmationPage.java:52)
	at com.wyn.automation.pages.ConfirmationPage.verfyConfirmationPage(ConfirmationPage.java:52)
	at com.wyn.automation.pages.ConfirmationPage.verfyConfirmationPage(ConfirmationPage.java:52)
	at com.wyn.automation.pages.ConfirmationPage.verfyConfirmationPage(ConfirmationPage.java:52)
	at com.wyn.automation.pages.ConfirmationPage.verfyConfirmationPage(ConfirmationPage.java:52)
	at com.wyn.automation.pages.ConfirmationPage.verfyConfirmationPage(ConfirmationPage.java:52)
	at com.wyn.automation.pages.ConfirmationPage.verfyConfirmationPage(ConfirmationPage.java:52)
	at com.wyn.automation.pages.ConfirmationPage.verfyConfirmationPage(ConfirmationPage.java:52)
	at com.wyn.automation.pages.ConfirmationPage.verfyConfirmationPage(ConfirmationPage.java:52)
	at com.wyn.automation.pages.ConfirmationPage.verfyConfirmationPage(ConfirmationPage.java:52)
	at com.wyn.automation.pages.ConfirmationPage.verfyConfirmationPage(ConfirmationPage.java:52)
	at com.wyn.automation.pages.ConfirmationPage.verfyConfirmationPage(ConfirmationPage.java:52)
	at com.wyn.automation.pages.ConfirmationPage.verfyConfirmationPage(ConfirmationPage.java:52)
	at com.wyn.automation.pages.ConfirmationPage.verfyConfirmationPage(ConfirmationPage.java:52)
	at com.wyn.automation.pages.ConfirmationPage.verfyConfirmationPage(ConfirmationPage.java:52)
	at com.wyn.automation.pages.ConfirmationPage.verfyConfirmationPage(ConfirmationPage.java:52)
	at com.wyn.automation.pages.ConfirmationPage.verfyConfirmationPage(ConfirmationPage.java:52)
	at com.wyn.automation.pages.ConfirmationPage.verfyConfirmationPage(ConfirmationPage.java:52)
	at com.wyn.automation.pages.ConfirmationPage.verfyConfirmationPage(ConfirmationPage.java:52)
	at com.wyn.automation.pages.ConfirmationPage.verfyConfirmationPage(ConfirmationPage.java:52)
	at com.wyn.automation.pages.ConfirmationPage.verfyConfirmationPage(ConfirmationPage.java:52)
	at com.wyn.automation.pages.ConfirmationPage.verfyConfirmationPage(ConfirmationPage.java:52)
	at com.wyn.automation.pages.ConfirmationPage.verfyConfirmationPage(ConfirmationPage.java:52)
	at com.wyn.automation.pages.ConfirmationPage.verfyConfirmationPage(ConfirmationPage.java:52)
	at com.wyn.automation.pages.ConfirmationPage.verfyConfirmationPage(ConfirmationPage.java:52)
	at com.wyn.automation.pages.ConfirmationPage.verfyConfirmationPage(ConfirmationPage.java:52)
	at com.wyn.automation.pages.ConfirmationPage.verfyConfirmationPage(ConfirmationPage.java:52)
	at com.wyn.automation.pages.ConfirmationPage.verfyConfirmationPage(ConfirmationPage.java:52)
	at com.wyn.automation.pages.ConfirmationPage.verfyConfirmationPage(ConfirmationPage.java:52)
	at com.wyn.automation.pages.ConfirmationPage.verfyConfirmationPage(ConfirmationPage.java:52)
	at com.wyn.automation.pages.ConfirmationPage.verfyConfirmationPage(ConfirmationPage.java:52)
	at com.wyn.automation.pages.ConfirmationPage.verfyConfirmationPage(ConfirmationPage.java:52)
	at com.wyn.automation.pages.ConfirmationPage.verfyConfirmationPage(ConfirmationPage.java:52)
	at com.wyn.automation.pages.ConfirmationPage.verfyConfirmationPage(ConfirmationPage.java:52)
	at com.wyn.automation.pages.ConfirmationPage.verfyConfirmationPage(ConfirmationPage.java:52)
	at com.wyn.automation.pages.ConfirmationPage.verfyConfirmationPage(ConfirmationPage.java:52)
	at com.wyn.automation.pages.ConfirmationPage.verfyConfirmationPage(ConfirmationPage.java:52)
	at com.wyn.automation.pages.ConfirmationPage.verfyConfirmationPage(ConfirmationPage.java:52)
	at com.wyn.automation.pages.ConfirmationPage.verfyConfirmationPage(ConfirmationPage.java:52)
	at com.wyn.automation.pages.ConfirmationPage.verfyConfirmationPage(ConfirmationPage.java:52)
	at com.wyn.automation.pages.ConfirmationPage.verfyConfirmationPage(ConfirmationPage.java:52)
	at com.wyn.automation.pages.ConfirmationPage.verfyConfirmationPage(ConfirmationPage.java:52)
	at com.wyn.automation.pages.ConfirmationPage.verfyConfirmationPage(ConfirmationPage.java:52)
	at com.wyn.automation.pages.ConfirmationPage.verfyConfirmationPage(ConfirmationPage.java:52)
	at com.wyn.automation.pages.ConfirmationPage.verfyConfirmationPage(ConfirmationPage.java:52)
	at com.wyn.automation.pages.ConfirmationPage.verfyConfirmationPage(ConfirmationPage.java:52)
	at com.wyn.automation.pages.ConfirmationPage.verfyConfirmationPage(ConfirmationPage.java:52)
	at com.wyn.automation.pages.ConfirmationPage.verfyConfirmationPage(ConfirmationPage.java:52)
	at com.wyn.automation.pages.ConfirmationPage.verfyConfirmationPage(ConfirmationPage.java:52)
	at com.wyn.automation.pages.ConfirmationPage.verfyConfirmationPage(ConfirmationPage.java:52)
	at com.wyn.automation.pages.ConfirmationPage.verfyConfirmationPage(ConfirmationPage.java:52)
	at com.wyn.automation.pages.ConfirmationPage.verfyConfirmationPage(ConfirmationPage.java:52)
	at com.wyn.automation.pages.ConfirmationPage.verfyConfirmationPage(ConfirmationPage.java:52)
	at com.wyn.automation.pages.ConfirmationPage.verfyConfirmationPage(ConfirmationPage.java:52)
	at com.wyn.automation.pages.ConfirmationPage.verfyConfirmationPage(ConfirmationPage.java:52)
	at com.wyn.automation.pages.ConfirmationPage.verfyConfirmationPage(ConfirmationPage.java:52)
	at com.wyn.automation.pages.ConfirmationPage.verfyConfirmationPage(ConfirmationPage.java:52)
	at com.wyn.automation.pages.ConfirmationPage.verfyConfirmationPage(ConfirmationPage.java:52)
	at com.wyn.automation.pages.ConfirmationPage.verfyConfirmationPage(ConfirmationPage.java:52)
	at com.wyn.automation.pages.ConfirmationPage.verfyConfirmationPage(ConfirmationPage.java:52)
	at com.wyn.automation.pages.ConfirmationPage.verfyConfirmationPage(ConfirmationPage.java:52)
	at com.wyn.automation.pages.ConfirmationPage.verfyConfirmationPage(ConfirmationPage.java:52)
	at com.wyn.automation.pages.ConfirmationPage.verfyConfirmationPage(ConfirmationPage.java:52)
	at com.wyn.automation.pages.ConfirmationPage.verfyConfirmationPage(ConfirmationPage.java:52)
	at com.wyn.automation.pages.ConfirmationPage.verfyConfirmationPage(ConfirmationPage.java:52)
	at com.wyn.automation.pages.ConfirmationPage.verfyConfirmationPage(ConfirmationPage.java:52)
	at com.wyn.automation.pages.ConfirmationPage.verfyConfirmationPage(ConfirmationPage.java:52)
	at com.wyn.automation.pages.ConfirmationPage.verfyConfirmationPage(ConfirmationPage.java:52)
	at com.wyn.automation.pages.ConfirmationPage.verfyConfirmationPage(ConfirmationPage.java:52)
	at com.wyn.automation.pages.ConfirmationPage.verfyConfirmationPage(ConfirmationPage.java:52)
	at com.wyn.automation.pages.ConfirmationPage.verfyConfirmationPage(ConfirmationPage.java:52)
	at com.wyn.automation.pages.ConfirmationPage.verfyConfirmationPage(ConfirmationPage.java:52)
	at com.wyn.automation.pages.ConfirmationPage.verfyConfirmationPage(ConfirmationPage.java:52)
	at com.wyn.automation.pages.ConfirmationPage.verfyConfirmationPage(ConfirmationPage.java:52)
	at com.wyn.automation.pages.ConfirmationPage.verfyConfirmationPage(ConfirmationPage.java:52)
	at com.wyn.automation.pages.ConfirmationPage.verfyConfirmationPage(ConfirmationPage.java:52)
	at com.wyn.automation.pages.ConfirmationPage.verfyConfirmationPage(ConfirmationPage.java:52)
	at com.wyn.automation.pages.ConfirmationPage.verfyConfirmationPage(ConfirmationPage.java:52)
	at com.wyn.automation.pages.ConfirmationPage.verfyConfirmationPage(ConfirmationPage.java:52)
	at com.wyn.automation.pages.ConfirmationPage.verfyConfirmationPage(ConfirmationPage.java:52)
	at com.wyn.automation.pages.ConfirmationPage.verfyConfirmationPage(ConfirmationPage.java:52)
	at com.wyn.automation.pages.ConfirmationPage.verfyConfirmationPage(ConfirmationPage.java:52)
	at com.wyn.automation.pages.ConfirmationPage.verfyConfirmationPage(ConfirmationPage.java:52)
	at com.wyn.automation.pages.ConfirmationPage.verfyConfirmationPage(ConfirmationPage.java:52)
	at com.wyn.automation.pages.ConfirmationPage.verfyConfirmationPage(ConfirmationPage.java:52)
	at com.wyn.automation.pages.ConfirmationPage.verfyConfirmationPage(ConfirmationPage.java:52)
	at com.wyn.automation.pages.ConfirmationPage.verfyConfirmationPage(ConfirmationPage.java:52)
	at com.wyn.automation.pages.ConfirmationPage.verfyConfirmationPage(ConfirmationPage.java:52)
	at com.wyn.automation.pages.ConfirmationPage.verfyConfirmationPage(ConfirmationPage.java:52)
	at com.wyn.automation.pages.ConfirmationPage.verfyConfirmationPage(ConfirmationPage.java:52)
	at com.wyn.automation.pages.ConfirmationPage.verfyConfirmationPage(ConfirmationPage.java:52)
	at com.wyn.automation.pages.ConfirmationPage.verfyConfirmationPage(ConfirmationPage.java:52)
	at com.wyn.automation.pages.ConfirmationPage.verfyConfirmationPage(ConfirmationPage.java:52)
	at com.wyn.automation.pages.ConfirmationPage.verfyConfirmationPage(ConfirmationPage.java:52)
	at com.wyn.automation.pages.ConfirmationPage.verfyConfirmationPage(ConfirmationPage.java:52)
	at com.wyn.automation.pages.ConfirmationPage.verfyConfirmationPage(ConfirmationPage.java:52)
	at com.wyn.automation.pages.ConfirmationPage.verfyConfirmationPage(ConfirmationPage.java:52)
	at com.wyn.automation.pages.ConfirmationPage.verfyConfirmationPage(ConfirmationPage.java:52)
	at com.wyn.automation.pages.ConfirmationPage.verfyConfirmationPage(ConfirmationPage.java:52)
	at com.wyn.automation.pages.ConfirmationPage.verfyConfirmationPage(ConfirmationPage.java:52)
	at com.wyn.automation.pages.ConfirmationPage.verfyConfirmationPage(ConfirmationPage.java:52)
	at com.wyn.automation.pages.ConfirmationPage.verfyConfirmationPage(ConfirmationPage.java:52)
	at com.wyn.automation.pages.ConfirmationPage.verfyConfirmationPage(ConfirmationPage.java:52)
	at com.wyn.automation.pages.ConfirmationPage.verfyConfirmationPage(ConfirmationPage.java:52)
	at com.wyn.automation.pages.ConfirmationPage.verfyConfirmationPage(ConfirmationPage.java:52)
	at com.wyn.automation.pages.ConfirmationPage.verfyConfirmationPage(ConfirmationPage.java:52)
	at com.wyn.automation.pages.ConfirmationPage.verfyConfirmationPage(ConfirmationPage.java:52)
	at com.wyn.automation.pages.ConfirmationPage.verfyConfirmationPage(ConfirmationPage.java:52)
	at com.wyn.automation.pages.ConfirmationPage.verfyConfirmationPage(ConfirmationPage.java:52)
	at com.wyn.automation.pages.ConfirmationPage.verfyConfirmationPage(ConfirmationPage.java:52)
	at com.wyn.automation.pages.ConfirmationPage.verfyConfirmationPage(ConfirmationPage.java:52)
	at com.wyn.automation.pages.ConfirmationPage.verfyConfirmationPage(ConfirmationPage.java:52)
	at com.wyn.automation.pages.ConfirmationPage.verfyConfirmationPage(ConfirmationPage.java:52)
	at com.wyn.automation.pages.ConfirmationPage.verfyConfirmationPage(ConfirmationPage.java:52)
	at com.wyn.automation.pages.ConfirmationPage.verfyConfirmationPage(ConfirmationPage.java:52)
	at com.wyn.automation.pages.ConfirmationPage.verfyConfirmationPage(ConfirmationPage.java:52)
	at com.wyn.automation.pages.ConfirmationPage.verfyConfirmationPage(ConfirmationPage.java:52)
	at com.wyn.automation.pages.ConfirmationPage.verfyConfirmationPage(ConfirmationPage.java:52)
	at com.wyn.automation.pages.ConfirmationPage.verfyConfirmationPage(ConfirmationPage.java:52)
	at com.wyn.automation.pages.ConfirmationPage.verfyConfirmationPage(ConfirmationPage.java:52)
	at com.wyn.automation.pages.ConfirmationPage.verfyConfirmationPage(ConfirmationPage.java:52)
	at com.wyn.automation.pages.ConfirmationPage.verfyConfirmationPage(ConfirmationPage.java:52)
	at com.wyn.automation.pages.ConfirmationPage.verfyConfirmationPage(ConfirmationPage.java:52)
	at com.wyn.automation.pages.ConfirmationPage.verfyConfirmationPage(ConfirmationPage.java:52)
	at com.wyn.automation.pages.ConfirmationPage.verfyConfirmationPage(ConfirmationPage.java:52)
	at com.wyn.automation.pages.ConfirmationPage.verfyConfirmationPage(ConfirmationPage.java:52)
	at com.wyn.automation.pages.ConfirmationPage.verfyConfirmationPage(ConfirmationPage.java:52)
	at com.wyn.automation.pages.ConfirmationPage.verfyConfirmationPage(ConfirmationPage.java:52)
	at com.wyn.automation.pages.ConfirmationPage.verfyConfirmationPage(ConfirmationPage.java:52)
	at com.wyn.automation.pages.ConfirmationPage.verfyConfirmationPage(ConfirmationPage.java:52)
	at com.wyn.automation.pages.ConfirmationPage.verfyConfirmationPage(ConfirmationPage.java:52)
	at com.wyn.automation.pages.ConfirmationPage.verfyConfirmationPage(ConfirmationPage.java:52)
	at com.wyn.automation.pages.ConfirmationPage.verfyConfirmationPage(ConfirmationPage.java:52)
	at com.wyn.automation.pages.ConfirmationPage.verfyConfirmationPage(ConfirmationPage.java:52)
	at com.wyn.automation.pages.ConfirmationPage.verfyConfirmationPage(ConfirmationPage.java:52)
	at com.wyn.automation.pages.ConfirmationPage.verfyConfirmationPage(ConfirmationPage.java:52)
	at com.wyn.automation.pages.ConfirmationPage.verfyConfirmationPage(ConfirmationPage.java:52)
	at com.wyn.automation.pages.ConfirmationPage.verfyConfirmationPage(ConfirmationPage.java:52)
	at com.wyn.automation.pages.ConfirmationPage.verfyConfirmationPage(ConfirmationPage.java:52)
	at com.wyn.automation.pages.ConfirmationPage.verfyConfirmationPage(ConfirmationPage.java:52)
	at com.wyn.automation.pages.ConfirmationPage.verfyConfirmationPage(ConfirmationPage.java:52)
	at com.wyn.automation.pages.ConfirmationPage.verfyConfirmationPage(ConfirmationPage.java:52)
	at com.wyn.automation.pages.ConfirmationPage.verfyConfirmationPage(ConfirmationPage.java:52)
	at com.wyn.automation.pages.ConfirmationPage.verfyConfirmationPage(ConfirmationPage.java:52)
	at com.wyn.automation.pages.ConfirmationPage.verfyConfirmationPage(ConfirmationPage.java:52)
	at com.wyn.automation.pages.ConfirmationPage.verfyConfirmationPage(ConfirmationPage.java:52)
	at com.wyn.automation.pages.ConfirmationPage.verfyConfirmationPage(ConfirmationPage.java:52)
	at com.wyn.automation.pages.ConfirmationPage.verfyConfirmationPage(ConfirmationPage.java:52)
	at com.wyn.automation.pages.ConfirmationPage.verfyConfirmationPage(ConfirmationPage.java:52)
	at com.wyn.automation.pages.ConfirmationPage.verfyConfirmationPage(ConfirmationPage.java:52)
	at com.wyn.automation.pages.ConfirmationPage.verfyConfirmationPage(ConfirmationPage.java:52)
	at com.wyn.automation.pages.ConfirmationPage.verfyConfirmationPage(ConfirmationPage.java:52)
	at com.wyn.automation.pages.ConfirmationPage.verfyConfirmationPage(ConfirmationPage.java:52)
	at com.wyn.automation.pages.ConfirmationPage.verfyConfirmationPage(ConfirmationPage.java:52)
	at com.wyn.automation.pages.ConfirmationPage.verfyConfirmationPage(ConfirmationPage.java:52)
	at com.wyn.automation.pages.ConfirmationPage.verfyConfirmationPage(ConfirmationPage.java:52)
	at com.wyn.automation.pages.ConfirmationPage.verfyConfirmationPage(ConfirmationPage.java:52)
	at com.wyn.automation.pages.ConfirmationPage.verfyConfirmationPage(ConfirmationPage.java:52)
	at com.wyn.automation.pages.ConfirmationPage.verfyConfirmationPage(ConfirmationPage.java:52)
	at com.wyn.automation.pages.ConfirmationPage.verfyConfirmationPage(ConfirmationPage.java:52)
	at com.wyn.automation.pages.ConfirmationPage.verfyConfirmationPage(ConfirmationPage.java:52)
	at com.wyn.automation.pages.ConfirmationPage.verfyConfirmationPage(ConfirmationPage.java:52)
	at com.wyn.automation.pages.ConfirmationPage.verfyConfirmationPage(ConfirmationPage.java:52)
	at com.wyn.automation.pages.ConfirmationPage.verfyConfirmationPage(ConfirmationPage.java:52)
	at com.wyn.automation.pages.ConfirmationPage.verfyConfirmationPage(ConfirmationPage.java:52)
	at com.wyn.automation.pages.ConfirmationPage.verfyConfirmationPage(ConfirmationPage.java:52)
	at com.wyn.automation.pages.ConfirmationPage.verfyConfirmationPage(ConfirmationPage.java:52)
	at com.wyn.automation.pages.ConfirmationPage.verfyConfirmationPage(ConfirmationPage.java:52)
	at com.wyn.automation.pages.ConfirmationPage.verfyConfirmationPage(ConfirmationPage.java:52)
	at com.wyn.automation.pages.ConfirmationPage.verfyConfirmationPage(ConfirmationPage.java:52)
	at com.wyn.automation.pages.ConfirmationPage.verfyConfirmationPage(ConfirmationPage.java:52)
	at com.wyn.automation.pages.ConfirmationPage.verfyConfirmationPage(ConfirmationPage.java:52)
	at com.wyn.automation.pages.ConfirmationPage.verfyConfirmationPage(ConfirmationPage.java:52)
	at com.wyn.automation.pages.ConfirmationPage.verfyConfirmationPage(ConfirmationPage.java:52)
	at com.wyn.automation.pages.ConfirmationPage.verfyConfirmationPage(ConfirmationPage.java:52)
	at com.wyn.automation.pages.ConfirmationPage.verfyConfirmationPage(ConfirmationPage.java:52)
	at com.wyn.automation.pages.ConfirmationPage.verfyConfirmationPage(ConfirmationPage.java:52)
	at com.wyn.automation.pages.ConfirmationPage.verfyConfirmationPage(ConfirmationPage.java:52)
	at com.wyn.automation.pages.ConfirmationPage.verfyConfirmationPage(ConfirmationPage.java:52)
	at com.wyn.automation.pages.ConfirmationPage.verfyConfirmationPage(ConfirmationPage.java:52)
	at com.wyn.automation.pages.ConfirmationPage.verfyConfirmationPage(ConfirmationPage.java:52)
	at com.wyn.automation.pages.ConfirmationPage.verfyConfirmationPage(ConfirmationPage.java:52)
	at com.wyn.automation.pages.ConfirmationPage.verfyConfirmationPage(ConfirmationPage.java:52)
	at com.wyn.automation.pages.ConfirmationPage.verfyConfirmationPage(ConfirmationPage.java:52)
	at com.wyn.automation.pages.ConfirmationPage.verfyConfirmationPage(ConfirmationPage.java:52)
	at com.wyn.automation.pages.ConfirmationPage.verfyConfirmationPage(ConfirmationPage.java:52)
	at com.wyn.automation.pages.ConfirmationPage.verfyConfirmationPage(ConfirmationPage.java:52)
	at com.wyn.automation.pages.ConfirmationPage.verfyConfirmationPage(ConfirmationPage.java:52)
	at com.wyn.automation.pages.ConfirmationPage.verfyConfirmationPage(ConfirmationPage.java:52)
	at com.wyn.automation.pages.ConfirmationPage.verfyConfirmationPage(ConfirmationPage.java:52)
	at com.wyn.automation.pages.ConfirmationPage.verfyConfirmationPage(ConfirmationPage.java:52)
	at com.wyn.automation.pages.ConfirmationPage.verfyConfirmationPage(ConfirmationPage.java:52)
	at com.wyn.automation.pages.ConfirmationPage.verfyConfirmationPage(ConfirmationPage.java:52)
	at com.wyn.automation.pages.ConfirmationPage.verfyConfirmationPage(ConfirmationPage.java:52)
	at com.wyn.automation.pages.ConfirmationPage.verfyConfirmationPage(ConfirmationPage.java:52)
	at com.wyn.automation.pages.ConfirmationPage.verfyConfirmationPage(ConfirmationPage.java:52)
	at com.wyn.automation.pages.ConfirmationPage.verfyConfirmationPage(ConfirmationPage.java:52)
	at com.wyn.automation.pages.ConfirmationPage.verfyConfirmationPage(ConfirmationPage.java:52)
	at com.wyn.automation.pages.ConfirmationPage.verfyConfirmationPage(ConfirmationPage.java:52)
	at com.wyn.automation.pages.ConfirmationPage.verfyConfirmationPage(ConfirmationPage.java:52)
	at com.wyn.automation.pages.ConfirmationPage.verfyConfirmationPage(ConfirmationPage.java:52)
	at com.wyn.automation.pages.ConfirmationPage.verfyConfirmationPage(ConfirmationPage.java:52)
	at com.wyn.automation.pages.ConfirmationPage.verfyConfirmationPage(ConfirmationPage.java:52)
	at com.wyn.automation.pages.ConfirmationPage.verfyConfirmationPage(ConfirmationPage.java:52)
	at com.wyn.automation.pages.ConfirmationPage.verfyConfirmationPage(ConfirmationPage.java:52)
	at com.wyn.automation.pages.ConfirmationPage.verfyConfirmationPage(ConfirmationPage.java:52)
	at com.wyn.automation.pages.ConfirmationPage.verfyConfirmationPage(ConfirmationPage.java:52)
	at com.wyn.automation.pages.ConfirmationPage.verfyConfirmationPage(ConfirmationPage.java:52)
	at com.wyn.automation.pages.ConfirmationPage.verfyConfirmationPage(ConfirmationPage.java:52)
	at com.wyn.automation.pages.ConfirmationPage.verfyConfirmationPage(ConfirmationPage.java:52)
	at com.wyn.automation.pages.ConfirmationPage.verfyConfirmationPage(ConfirmationPage.java:52)
	at com.wyn.automation.pages.ConfirmationPage.verfyConfirmationPage(ConfirmationPage.java:52)
	at com.wyn.automation.pages.ConfirmationPage.verfyConfirmationPage(ConfirmationPage.java:52)
	at com.wyn.automation.pages.ConfirmationPage.verfyConfirmationPage(ConfirmationPage.java:52)
	at com.wyn.automation.pages.ConfirmationPage.verfyConfirmationPage(ConfirmationPage.java:52)
	at com.wyn.automation.pages.ConfirmationPage.verfyConfirmationPage(ConfirmationPage.java:52)
	at com.wyn.automation.pages.ConfirmationPage.verfyConfirmationPage(ConfirmationPage.java:52)
	at com.wyn.automation.pages.ConfirmationPage.verfyConfirmationPage(ConfirmationPage.java:52)
	at com.wyn.automation.pages.ConfirmationPage.verfyConfirmationPage(ConfirmationPage.java:52)
	at com.wyn.automation.pages.ConfirmationPage.verfyConfirmationPage(ConfirmationPage.java:52)
	at com.wyn.automation.pages.ConfirmationPage.verfyConfirmationPage(ConfirmationPage.java:52)
	at com.wyn.automation.pages.ConfirmationPage.verfyConfirmationPage(ConfirmationPage.java:52)
	at com.wyn.automation.pages.ConfirmationPage.verfyConfirmationPage(ConfirmationPage.java:52)
	at com.wyn.automation.pages.ConfirmationPage.verfyConfirmationPage(ConfirmationPage.java:52)
	at com.wyn.automation.pages.ConfirmationPage.verfyConfirmationPage(ConfirmationPage.java:52)
	at com.wyn.automation.pages.ConfirmationPage.verfyConfirmationPage(ConfirmationPage.java:52)
	at com.wyn.automation.pages.ConfirmationPage.verfyConfirmationPage(ConfirmationPage.java:52)
	at com.wyn.automation.pages.ConfirmationPage.verfyConfirmationPage(ConfirmationPage.java:52)
	at com.wyn.automation.pages.ConfirmationPage.verfyConfirmationPage(ConfirmationPage.java:52)
	at com.wyn.automation.pages.ConfirmationPage.verfyConfirmationPage(ConfirmationPage.java:52)
	at com.wyn.automation.pages.ConfirmationPage.verfyConfirmationPage(ConfirmationPage.java:52)
	at com.wyn.automation.pages.ConfirmationPage.verfyConfirmationPage(ConfirmationPage.java:52)
	at com.wyn.automation.pages.ConfirmationPage.verfyConfirmationPage(ConfirmationPage.java:52)
	at com.wyn.automation.pages.ConfirmationPage.verfyConfirmationPage(ConfirmationPage.java:52)
	at com.wyn.automation.pages.ConfirmationPage.verfyConfirmationPage(ConfirmationPage.java:52)
	at com.wyn.automation.pages.ConfirmationPage.verfyConfirmationPage(ConfirmationPage.java:52)
	at com.wyn.automation.pages.ConfirmationPage.verfyConfirmationPage(ConfirmationPage.java:52)
	at com.wyn.automation.pages.ConfirmationPage.verfyConfirmationPage(ConfirmationPage.java:52)
	at com.wyn.automation.pages.ConfirmationPage.verfyConfirmationPage(ConfirmationPage.java:52)
	at com.wyn.automation.pages.ConfirmationPage.verfyConfirmationPage(ConfirmationPage.java:52)
	at com.wyn.automation.pages.ConfirmationPage.verfyConfirmationPage(ConfirmationPage.java:52)
	at com.wyn.automation.pages.ConfirmationPage.verfyConfirmationPage(ConfirmationPage.java:52)
	at com.wyn.automation.pages.ConfirmationPage.verfyConfirmationPage(ConfirmationPage.java:52)
	at com.wyn.automation.pages.ConfirmationPage.verfyConfirmationPage(ConfirmationPage.java:52)
	at com.wyn.automation.pages.ConfirmationPage.verfyConfirmationPage(ConfirmationPage.java:52)
	at com.wyn.automation.pages.ConfirmationPage.verfyConfirmationPage(ConfirmationPage.java:52)
	at com.wyn.automation.pages.ConfirmationPage.verfyConfirmationPage(ConfirmationPage.java:52)
	at com.wyn.automation.pages.ConfirmationPage.verfyConfirmationPage(ConfirmationPage.java:52)
	at com.wyn.automation.pages.ConfirmationPage.verfyConfirmationPage(ConfirmationPage.java:52)
	at com.wyn.automation.pages.ConfirmationPage.verfyConfirmationPage(ConfirmationPage.java:52)
	at com.wyn.automation.pages.ConfirmationPage.verfyConfirmationPage(ConfirmationPage.java:52)
	at com.wyn.automation.pages.ConfirmationPage.verfyConfirmationPage(ConfirmationPage.java:52)
	at com.wyn.automation.pages.ConfirmationPage.verfyConfirmationPage(ConfirmationPage.java:52)
	at com.wyn.automation.pages.ConfirmationPage.verfyConfirmationPage(ConfirmationPage.java:52)
	at com.wyn.automation.pages.ConfirmationPage.verfyConfirmationPage(ConfirmationPage.java:52)
	at com.wyn.automation.pages.ConfirmationPage.verfyConfirmationPage(ConfirmationPage.java:52)
	at com.wyn.automation.pages.ConfirmationPage.verfyConfirmationPage(ConfirmationPage.java:52)
	at com.wyn.automation.pages.ConfirmationPage.verfyConfirmationPage(ConfirmationPage.java:52)
	at com.wyn.automation.pages.ConfirmationPage.verfyConfirmationPage(ConfirmationPage.java:52)
	at com.wyn.automation.pages.ConfirmationPage.verfyConfirmationPage(ConfirmationPage.java:52)
	at com.wyn.automation.pages.ConfirmationPage.verfyConfirmationPage(ConfirmationPage.java:52)
	at com.wyn.automation.pages.ConfirmationPage.verfyConfirmationPage(ConfirmationPage.java:52)
	at com.wyn.automation.pages.ConfirmationPage.verfyConfirmationPage(ConfirmationPage.java:52)
	at com.wyn.automation.pages.ConfirmationPage.verfyConfirmationPage(ConfirmationPage.java:52)
	at com.wyn.automation.pages.ConfirmationPage.verfyConfirmationPage(ConfirmationPage.java:52)
	at com.wyn.automation.pages.ConfirmationPage.verfyConfirmationPage(ConfirmationPage.java:52)
	at com.wyn.automation.pages.ConfirmationPage.verfyConfirmationPage(ConfirmationPage.java:52)
	at com.wyn.automation.pages.ConfirmationPage.verfyConfirmationPage(ConfirmationPage.java:52)
	at com.wyn.automation.pages.ConfirmationPage.verfyConfirmationPage(ConfirmationPage.java:52)
	at com.wyn.automation.pages.ConfirmationPage.verfyConfirmationPage(ConfirmationPage.java:52)
	at com.wyn.automation.pages.ConfirmationPage.verfyConfirmationPage(ConfirmationPage.java:52)
	at com.wyn.automation.pages.ConfirmationPage.verfyConfirmationPage(ConfirmationPage.java:52)
	at com.wyn.automation.pages.ConfirmationPage.verfyConfirmationPage(ConfirmationPage.java:52)
	at com.wyn.automation.pages.ConfirmationPage.verfyConfirmationPage(ConfirmationPage.java:52)
	at com.wyn.automation.pages.ConfirmationPage.verfyConfirmationPage(ConfirmationPage.java:52)
	at com.wyn.automation.pages.ConfirmationPage.verfyConfirmationPage(ConfirmationPage.java:52)
	at com.wyn.automation.pages.ConfirmationPage.verfyConfirmationPage(ConfirmationPage.java:52)
	at com.wyn.automation.pages.ConfirmationPage.verfyConfirmationPage(ConfirmationPage.java:52)
	at com.wyn.automation.pages.ConfirmationPage.verfyConfirmationPage(ConfirmationPage.java:52)
	at com.wyn.automation.pages.ConfirmationPage.verfyConfirmationPage(ConfirmationPage.java:52)
	at com.wyn.automation.pages.ConfirmationPage.verfyConfirmationPage(ConfirmationPage.java:52)
	at com.wyn.automation.pages.ConfirmationPage.verfyConfirmationPage(ConfirmationPage.java:52)
	at com.wyn.automation.pages.ConfirmationPage.verfyConfirmationPage(ConfirmationPage.java:52)
	at com.wyn.automation.pages.ConfirmationPage.verfyConfirmationPage(ConfirmationPage.java:52)
	at com.wyn.automation.pages.ConfirmationPage.verfyConfirmationPage(ConfirmationPage.java:52)
	at com.wyn.automation.pages.ConfirmationPage.verfyConfirmationPage(ConfirmationPage.java:52)
	at com.wyn.automation.pages.ConfirmationPage.verfyConfirmationPage(ConfirmationPage.java:52)
	at com.wyn.automation.pages.ConfirmationPage.verfyConfirmationPage(ConfirmationPage.java:52)
	at com.wyn.automation.pages.ConfirmationPage.verfyConfirmationPage(ConfirmationPage.java:52)
	at com.wyn.automation.pages.ConfirmationPage.verfyConfirmationPage(ConfirmationPage.java:52)
	at com.wyn.automation.pages.ConfirmationPage.verfyConfirmationPage(ConfirmationPage.java:52)
	at com.wyn.automation.pages.ConfirmationPage.verfyConfirmationPage(ConfirmationPage.java:52)
	at com.wyn.automation.pages.ConfirmationPage.verfyConfirmationPage(ConfirmationPage.java:52)
	at com.wyn.automation.pages.ConfirmationPage.verfyConfirmationPage(ConfirmationPage.java:52)
	at com.wyn.automation.pages.ConfirmationPage.verfyConfirmationPage(ConfirmationPage.java:52)
	at com.wyn.automation.pages.ConfirmationPage.verfyConfirmationPage(ConfirmationPage.java:52)
	at com.wyn.automation.pages.ConfirmationPage.verfyConfirmationPage(ConfirmationPage.java:52)
	at com.wyn.automation.pages.ConfirmationPage.verfyConfirmationPage(ConfirmationPage.java:52)
	at com.wyn.automation.pages.ConfirmationPage.verfyConfirmationPage(ConfirmationPage.java:52)
	at com.wyn.automation.pages.ConfirmationPage.verfyConfirmationPage(ConfirmationPage.java:52)
	at com.wyn.automation.pages.ConfirmationPage.verfyConfirmationPage(ConfirmationPage.java:52)
	at com.wyn.automation.pages.ConfirmationPage.verfyConfirmationPage(ConfirmationPage.java:52)
	at com.wyn.automation.pages.ConfirmationPage.verfyConfirmationPage(ConfirmationPage.java:52)
	at com.wyn.automation.pages.ConfirmationPage.verfyConfirmationPage(ConfirmationPage.java:52)
	at com.wyn.automation.pages.ConfirmationPage.verfyConfirmationPage(ConfirmationPage.java:52)
	at com.wyn.automation.pages.ConfirmationPage.verfyConfirmationPage(ConfirmationPage.java:52)
	at com.wyn.automation.pages.ConfirmationPage.verfyConfirmationPage(ConfirmationPage.java:52)
	at com.wyn.automation.pages.ConfirmationPage.verfyConfirmationPage(ConfirmationPage.java:52)
	at com.wyn.automation.pages.ConfirmationPage.verfyConfirmationPage(ConfirmationPage.java:52)
	at com.wyn.automation.pages.ConfirmationPage.verfyConfirmationPage(ConfirmationPage.java:52)
	at com.wyn.automation.pages.ConfirmationPage.verfyConfirmationPage(ConfirmationPage.java:52)
	at com.wyn.automation.pages.ConfirmationPage.verfyConfirmationPage(ConfirmationPage.java:52)
	at com.wyn.automation.pages.ConfirmationPage.verfyConfirmationPage(ConfirmationPage.java:52)
	at com.wyn.automation.pages.ConfirmationPage.verfyConfirmationPage(ConfirmationPage.java:52)
	at com.wyn.automation.pages.ConfirmationPage.verfyConfirmationPage(ConfirmationPage.java:52)
	at com.wyn.automation.pages.ConfirmationPage.verfyConfirmationPage(ConfirmationPage.java:52)
	at com.wyn.automation.pages.ConfirmationPage.verfyConfirmationPage(ConfirmationPage.java:52)
	at com.wyn.automation.pages.ConfirmationPage.verfyConfirmationPage(ConfirmationPage.java:52)
	at com.wyn.automation.pages.ConfirmationPage.verfyConfirmationPage(ConfirmationPage.java:52)
	at com.wyn.automation.pages.ConfirmationPage.verfyConfirmationPage(ConfirmationPage.java:52)
	at com.wyn.automation.pages.ConfirmationPage.verfyConfirmationPage(ConfirmationPage.java:52)
	at com.wyn.automation.pages.ConfirmationPage.verfyConfirmationPage(ConfirmationPage.java:52)
	at com.wyn.automation.pages.ConfirmationPage.verfyConfirmationPage(ConfirmationPage.java:52)
	at com.wyn.automation.pages.ConfirmationPage.verfyConfirmationPage(ConfirmationPage.java:52)
	at com.wyn.automation.pages.ConfirmationPage.verfyConfirmationPage(ConfirmationPage.java:52)
	at com.wyn.automation.pages.ConfirmationPage.verfyConfirmationPage(ConfirmationPage.java:52)
	at com.wyn.automation.pages.ConfirmationPage.verfyConfirmationPage(ConfirmationPage.java:52)
	at com.wyn.automation.pages.ConfirmationPage.verfyConfirmationPage(ConfirmationPage.java:52)
	at com.wyn.automation.pages.ConfirmationPage.verfyConfirmationPage(ConfirmationPage.java:52)
	at com.wyn.automation.pages.ConfirmationPage.verfyConfirmationPage(ConfirmationPage.java:52)
	at com.wyn.automation.pages.ConfirmationPage.verfyConfirmationPage(ConfirmationPage.java:52)
	at com.wyn.automation.pages.ConfirmationPage.verfyConfirmationPage(ConfirmationPage.java:52)
	at com.wyn.automation.pages.ConfirmationPage.verfyConfirmationPage(ConfirmationPage.java:52)
	at com.wyn.automation.pages.ConfirmationPage.verfyConfirmationPage(ConfirmationPage.java:52)
	at com.wyn.automation.pages.ConfirmationPage.verfyConfirmationPage(ConfirmationPage.java:52)
	at com.wyn.automation.pages.ConfirmationPage.verfyConfirmationPage(ConfirmationPage.java:52)
	at com.wyn.automation.pages.ConfirmationPage.verfyConfirmationPage(ConfirmationPage.java:52)
	at com.wyn.automation.pages.ConfirmationPage.verfyConfirmationPage(ConfirmationPage.java:52)
	at com.wyn.automation.pages.ConfirmationPage.verfyConfirmationPage(ConfirmationPage.java:52)
	at com.wyn.automation.pages.ConfirmationPage.verfyConfirmationPage(ConfirmationPage.java:52)
	at com.wyn.automation.pages.ConfirmationPage.verfyConfirmationPage(ConfirmationPage.java:52)
	at com.wyn.automation.pages.ConfirmationPage.verfyConfirmationPage(ConfirmationPage.java:52)
	at com.wyn.automation.pages.ConfirmationPage.verfyConfirmationPage(ConfirmationPage.java:52)
	at com.wyn.automation.pages.ConfirmationPage.verfyConfirmationPage(ConfirmationPage.java:52)
	at com.wyn.automation.pages.ConfirmationPage.verfyConfirmationPage(ConfirmationPage.java:52)
	at com.wyn.automation.pages.ConfirmationPage.verfyConfirmationPage(ConfirmationPage.java:52)
	at com.wyn.automation.pages.ConfirmationPage.verfyConfirmationPage(ConfirmationPage.java:52)
	at com.wyn.automation.pages.ConfirmationPage.verfyConfirmationPage(ConfirmationPage.java:52)
	at com.wyn.automation.pages.ConfirmationPage.verfyConfirmationPage(ConfirmationPage.java:52)
	at com.wyn.automation.pages.ConfirmationPage.verfyConfirmationPage(ConfirmationPage.java:52)
	at com.wyn.automation.pages.ConfirmationPage.verfyConfirmationPage(ConfirmationPage.java:52)
	at com.wyn.automation.pages.ConfirmationPage.verfyConfirmationPage(ConfirmationPage.java:52)
	at com.wyn.automation.pages.ConfirmationPage.verfyConfirmationPage(ConfirmationPage.java:52)
	at com.wyn.automation.pages.ConfirmationPage.verfyConfirmationPage(ConfirmationPage.java:52)
	at com.wyn.automation.pages.ConfirmationPage.verfyConfirmationPage(ConfirmationPage.java:52)
	at com.wyn.automation.pages.ConfirmationPage.verfyConfirmationPage(ConfirmationPage.java:52)
	at com.wyn.automation.pages.ConfirmationPage.verfyConfirmationPage(ConfirmationPage.java:52)
	at com.wyn.automation.pages.ConfirmationPage.verfyConfirmationPage(ConfirmationPage.java:52)
	at com.wyn.automation.pages.ConfirmationPage.verfyConfirmationPage(ConfirmationPage.java:52)
	at com.wyn.automation.pages.ConfirmationPage.verfyConfirmationPage(ConfirmationPage.java:52)
	at com.wyn.automation.pages.ConfirmationPage.verfyConfirmationPage(ConfirmationPage.java:52)
	at com.wyn.automation.pages.ConfirmationPage.verfyConfirmationPage(ConfirmationPage.java:52)
	at com.wyn.automation.pages.ConfirmationPage.verfyConfirmationPage(ConfirmationPage.java:52)
	at com.wyn.automation.pages.ConfirmationPage.verfyConfirmationPage(ConfirmationPage.java:52)
	at com.wyn.automation.pages.ConfirmationPage.verfyConfirmationPage(ConfirmationPage.java:52)
	at com.wyn.automation.pages.ConfirmationPage.verfyConfirmationPage(ConfirmationPage.java:52)
	at com.wyn.automation.pages.ConfirmationPage.verfyConfirmationPage(ConfirmationPage.java:52)
	at com.wyn.automation.pages.ConfirmationPage.verfyConfirmationPage(ConfirmationPage.java:52)
	at com.wyn.automation.pages.ConfirmationPage.verfyConfirmationPage(ConfirmationPage.java:52)
	at com.wyn.automation.pages.ConfirmationPage.verfyConfirmationPage(ConfirmationPage.java:52)
	at com.wyn.automation.pages.ConfirmationPage.verfyConfirmationPage(ConfirmationPage.java:52)
	at com.wyn.automation.pages.ConfirmationPage.verfyConfirmationPage(ConfirmationPage.java:52)
	at com.wyn.automation.pages.ConfirmationPage.verfyConfirmationPage(ConfirmationPage.java:52)
	at com.wyn.automation.pages.ConfirmationPage.verfyConfirmationPage(ConfirmationPage.java:52)
	at com.wyn.automation.pages.ConfirmationPage.verfyConfirmationPage(ConfirmationPage.java:52)
	at com.wyn.automation.pages.ConfirmationPage.verfyConfirmationPage(ConfirmationPage.java:52)
	at com.wyn.automation.pages.ConfirmationPage.verfyConfirmationPage(ConfirmationPage.java:52)
	at com.wyn.automation.pages.ConfirmationPage.verfyConfirmationPage(ConfirmationPage.java:52)
	at com.wyn.automation.pages.ConfirmationPage.verfyConfirmationPage(ConfirmationPage.java:52)
	at com.wyn.automation.pages.ConfirmationPage.verfyConfirmationPage(ConfirmationPage.java:52)
	at com.wyn.automation.pages.ConfirmationPage.verfyConfirmationPage(ConfirmationPage.java:52)
	at com.wyn.automation.pages.ConfirmationPage.verfyConfirmationPage(ConfirmationPage.java:52)
	at com.wyn.automation.pages.ConfirmationPage.verfyConfirmationPage(ConfirmationPage.java:52)
	at com.wyn.automation.pages.ConfirmationPage.verfyConfirmationPage(ConfirmationPage.java:52)
	at com.wyn.automation.pages.ConfirmationPage.verfyConfirmationPage(ConfirmationPage.java:52)
	at com.wyn.automation.pages.ConfirmationPage.verfyConfirmationPage(ConfirmationPage.java:52)
	at com.wyn.automation.pages.ConfirmationPage.verfyConfirmationPage(ConfirmationPage.java:52)
	at com.wyn.automation.pages.ConfirmationPage.verfyConfirmationPage(ConfirmationPage.java:52)
	at com.wyn.automation.pages.ConfirmationPage.verfyConfirmationPage(ConfirmationPage.java:52)
	at com.wyn.automation.pages.ConfirmationPage.verfyConfirmationPage(ConfirmationPage.java:52)
	at com.wyn.automation.pages.ConfirmationPage.verfyConfirmationPage(ConfirmationPage.java:52)
	at com.wyn.automation.pages.ConfirmationPage.verfyConfirmationPage(ConfirmationPage.java:52)
	at com.wyn.automation.pages.ConfirmationPage.verfyConfirmationPage(ConfirmationPage.java:52)
	at com.wyn.automation.pages.ConfirmationPage.verfyConfirmationPage(ConfirmationPage.java:52)
	at com.wyn.automation.pages.ConfirmationPage.verfyConfirmationPage(ConfirmationPage.java:52)
	at com.wyn.automation.pages.ConfirmationPage.verfyConfirmationPage(ConfirmationPage.java:52)
	at com.wyn.automation.pages.ConfirmationPage.verfyConfirmationPage(ConfirmationPage.java:52)
	at com.wyn.automation.pages.ConfirmationPage.verfyConfirmationPage(ConfirmationPage.java:52)
	at com.wyn.automation.pages.ConfirmationPage.verfyConfirmationPage(ConfirmationPage.java:52)
	at com.wyn.automation.pages.ConfirmationPage.verfyConfirmationPage(ConfirmationPage.java:52)
	at com.wyn.automation.pages.ConfirmationPage.verfyConfirmationPage(ConfirmationPage.java:52)
	at com.wyn.automation.pages.ConfirmationPage.verfyConfirmationPage(ConfirmationPage.java:52)
	at com.wyn.automation.pages.ConfirmationPage.verfyConfirmationPage(ConfirmationPage.java:52)
	at com.wyn.automation.pages.ConfirmationPage.verfyConfirmationPage(ConfirmationPage.java:52)
	at com.wyn.automation.pages.ConfirmationPage.verfyConfirmationPage(ConfirmationPage.java:52)
	at com.wyn.automation.pages.ConfirmationPage.verfyConfirmationPage(ConfirmationPage.java:52)
	at com.wyn.automation.pages.ConfirmationPage.verfyConfirmationPage(ConfirmationPage.java:52)
	at com.wyn.automation.pages.ConfirmationPage.verfyConfirmationPage(ConfirmationPage.java:52)
	at com.wyn.automation.pages.ConfirmationPage.verfyConfirmationPage(ConfirmationPage.java:52)
	at com.wyn.automation.pages.ConfirmationPage.verfyConfirmationPage(ConfirmationPage.java:52)
	at com.wyn.automation.pages.ConfirmationPage.verfyConfirmationPage(ConfirmationPage.java:52)
	at com.wyn.automation.pages.ConfirmationPage.verfyConfirmationPage(ConfirmationPage.java:52)
	at com.wyn.automation.pages.ConfirmationPage.verfyConfirmationPage(ConfirmationPage.java:52)
	at com.wyn.automation.pages.ConfirmationPage.verfyConfirmationPage(ConfirmationPage.java:52)
	at com.wyn.automation.pages.ConfirmationPage.verfyConfirmationPage(ConfirmationPage.java:52)
	at com.wyn.automation.pages.ConfirmationPage.verfyConfirmationPage(ConfirmationPage.java:52)
	at com.wyn.automation.pages.ConfirmationPage.verfyConfirmationPage(ConfirmationPage.java:52)
	at com.wyn.automation.pages.ConfirmationPage.verfyConfirmationPage(ConfirmationPage.java:52)
	at com.wyn.automation.pages.ConfirmationPage.verfyConfirmationPage(ConfirmationPage.java:52)
	at com.wyn.automation.pages.ConfirmationPage.verfyConfirmationPage(ConfirmationPage.java:52)
	at com.wyn.automation.pages.ConfirmationPage.verfyConfirmationPage(ConfirmationPage.java:52)
	at com.wyn.automation.pages.ConfirmationPage.verfyConfirmationPage(ConfirmationPage.java:52)
	at com.wyn.automation.pages.ConfirmationPage.verfyConfirmationPage(ConfirmationPage.java:52)
	at com.wyn.automation.pages.ConfirmationPage.verfyConfirmationPage(ConfirmationPage.java:52)
	at com.wyn.automation.pages.ConfirmationPage.verfyConfirmationPage(ConfirmationPage.java:52)
	at com.wyn.automation.pages.ConfirmationPage.verfyConfirmationPage(ConfirmationPage.java:52)
	at com.wyn.automation.pages.ConfirmationPage.verfyConfirmationPage(ConfirmationPage.java:52)
	at com.wyn.automation.pages.ConfirmationPage.verfyConfirmationPage(ConfirmationPage.java:52)
	at com.wyn.automation.pages.ConfirmationPage.verfyConfirmationPage(ConfirmationPage.java:52)
	at com.wyn.automation.pages.ConfirmationPage.verfyConfirmationPage(ConfirmationPage.java:52)
	at com.wyn.automation.pages.ConfirmationPage.verfyConfirmationPage(ConfirmationPage.java:52)
	at com.wyn.automation.pages.ConfirmationPage.verfyConfirmationPage(ConfirmationPage.java:52)
	at com.wyn.automation.pages.ConfirmationPage.verfyConfirmationPage(ConfirmationPage.java:52)
	at com.wyn.automation.pages.ConfirmationPage.verfyConfirmationPage(ConfirmationPage.java:52)
	at com.wyn.automation.pages.ConfirmationPage.verfyConfirmationPage(ConfirmationPage.java:52)
	at com.wyn.automation.pages.ConfirmationPage.verfyConfirmationPage(ConfirmationPage.java:52)
	at com.wyn.automation.pages.ConfirmationPage.verfyConfirmationPage(ConfirmationPage.java:52)
	at com.wyn.automation.pages.ConfirmationPage.verfyConfirmationPage(ConfirmationPage.java:52)
	at com.wyn.automation.pages.ConfirmationPage.verfyConfirmationPage(ConfirmationPage.java:52)
	at com.wyn.automation.pages.ConfirmationPage.verfyConfirmationPage(ConfirmationPage.java:52)
	at com.wyn.automation.pages.ConfirmationPage.verfyConfirmationPage(ConfirmationPage.java:52)
	at com.wyn.automation.pages.ConfirmationPage.verfyConfirmationPage(ConfirmationPage.java:52)
	at com.wyn.automation.pages.ConfirmationPage.verfyConfirmationPage(ConfirmationPage.java:52)
	at com.wyn.automation.pages.ConfirmationPage.verfyConfirmationPage(ConfirmationPage.java:52)
	at com.wyn.automation.pages.ConfirmationPage.verfyConfirmationPage(ConfirmationPage.java:52)
	at com.wyn.automation.pages.ConfirmationPage.verfyConfirmationPage(ConfirmationPage.java:52)
	at com.wyn.automation.pages.ConfirmationPage.verfyConfirmationPage(ConfirmationPage.java:52)
	at com.wyn.automation.pages.ConfirmationPage.verfyConfirmationPage(ConfirmationPage.java:52)
	at com.wyn.automation.pages.ConfirmationPage.verfyConfirmationPage(ConfirmationPage.java:52)
	at com.wyn.automation.pages.ConfirmationPage.verfyConfirmationPage(ConfirmationPage.java:52)
	at com.wyn.automation.pages.ConfirmationPage.verfyConfirmationPage(ConfirmationPage.java:52)
	at com.wyn.automation.pages.ConfirmationPage.verfyConfirmationPage(ConfirmationPage.java:52)
	at com.wyn.automation.pages.ConfirmationPage.verfyConfirmationPage(ConfirmationPage.java:52)
	at com.wyn.automation.pages.ConfirmationPage.verfyConfirmationPage(ConfirmationPage.java:52)
	at com.wyn.automation.pages.ConfirmationPage.verfyConfirmationPage(ConfirmationPage.java:52)
	at com.wyn.automation.pages.ConfirmationPage.verfyConfirmationPage(ConfirmationPage.java:52)
	at com.wyn.automation.pages.ConfirmationPage.verfyConfirmationPage(ConfirmationPage.java:52)
	at com.wyn.automation.pages.ConfirmationPage.verfyConfirmationPage(ConfirmationPage.java:52)
	at com.wyn.automation.pages.ConfirmationPage.verfyConfirmationPage(ConfirmationPage.java:52)
	at com.wyn.automation.pages.ConfirmationPage.verfyConfirmationPage(ConfirmationPage.java:52)
	at com.wyn.automation.pages.ConfirmationPage.verfyConfirmationPage(ConfirmationPage.java:52)
	at com.wyn.automation.pages.ConfirmationPage.verfyConfirmationPage(ConfirmationPage.java:52)
	at com.wyn.automation.pages.ConfirmationPage.verfyConfirmationPage(ConfirmationPage.java:52)
	at com.wyn.automation.pages.ConfirmationPage.verfyConfirmationPage(ConfirmationPage.java:52)
	at com.wyn.automation.pages.ConfirmationPage.verfyConfirmationPage(ConfirmationPage.java:52)
	at com.wyn.automation.pages.ConfirmationPage.verfyConfirmationPage(ConfirmationPage.java:52)
	at com.wyn.automation.pages.ConfirmationPage.verfyConfirmationPage(ConfirmationPage.java:52)
	at com.wyn.automation.pages.ConfirmationPage.verfyConfirmationPage(ConfirmationPage.java:52)
	at com.wyn.automation.pages.ConfirmationPage.verfyConfirmationPage(ConfirmationPage.java:52)
	at com.wyn.automation.pages.ConfirmationPage.verfyConfirmationPage(ConfirmationPage.java:52)
	at com.wyn.automation.pages.ConfirmationPage.verfyConfirmationPage(ConfirmationPage.java:52)
	at com.wyn.automation.pages.ConfirmationPage.verfyConfirmationPage(ConfirmationPage.java:52)
	at com.wyn.automation.pages.ConfirmationPage.verfyConfirmationPage(ConfirmationPage.java:52)
	at com.wyn.automation.pages.ConfirmationPage.verfyConfirmationPage(ConfirmationPage.java:52)
	at com.wyn.automation.pages.ConfirmationPage.verfyConfirmationPage(ConfirmationPage.java:52)
	at com.wyn.automation.pages.ConfirmationPage.verfyConfirmationPage(ConfirmationPage.java:52)
	at com.wyn.automation.pages.ConfirmationPage.verfyConfirmationPage(ConfirmationPage.java:52)
	at com.wyn.automation.pages.ConfirmationPage.verfyConfirmationPage(ConfirmationPage.java:52)
	at com.wyn.automation.pages.ConfirmationPage.verfyConfirmationPage(ConfirmationPage.java:52)
	at com.wyn.automation.pages.ConfirmationPage.verfyConfirmationPage(ConfirmationPage.java:52)
	at com.wyn.automation.pages.ConfirmationPage.verfyConfirmationPage(ConfirmationPage.java:52)
	at com.wyn.automation.pages.ConfirmationPage.verfyConfirmationPage(ConfirmationPage.java:52)
	at com.wyn.automation.pages.ConfirmationPage.verfyConfirmationPage(ConfirmationPage.java:52)
	at com.wyn.automation.pages.ConfirmationPage.verfyConfirmationPage(ConfirmationPage.java:52)
	at com.wyn.automation.pages.ConfirmationPage.verfyConfirmationPage(ConfirmationPage.java:52)
	at com.wyn.automation.pages.ConfirmationPage.verfyConfirmationPage(ConfirmationPage.java:52)
	at com.wyn.automation.pages.ConfirmationPage.verfyConfirmationPage(ConfirmationPage.java:52)
	at com.wyn.automation.pages.ConfirmationPage.verfyConfirmationPage(ConfirmationPage.java:52)
	at com.wyn.automation.pages.ConfirmationPage.verfyConfirmationPage(ConfirmationPage.java:52)
	at com.wyn.automation.pages.ConfirmationPage.verfyConfirmationPage(ConfirmationPage.java:52)
	at com.wyn.automation.pages.ConfirmationPage.verfyConfirmationPage(ConfirmationPage.java:52)
	at com.wyn.automation.pages.ConfirmationPage.verfyConfirmationPage(ConfirmationPage.java:52)
	at com.wyn.automation.pages.ConfirmationPage.verfyConfirmationPage(ConfirmationPage.java:52)
	at com.wyn.automation.pages.ConfirmationPage.verfyConfirmationPage(ConfirmationPage.java:52)
	at com.wyn.automation.pages.ConfirmationPage.verfyConfirmationPage(ConfirmationPage.java:52)
	at com.wyn.automation.pages.ConfirmationPage.verfyConfirmationPage(ConfirmationPage.java:52)
	at com.wyn.automation.pages.ConfirmationPage.verfyConfirmationPage(ConfirmationPage.java:52)
	at com.wyn.automation.pages.ConfirmationPage.verfyConfirmationPage(ConfirmationPage.java:52)
	at com.wyn.automation.pages.ConfirmationPage.verfyConfirmationPage(ConfirmationPage.java:52)
	at com.wyn.automation.pages.ConfirmationPage.verfyConfirmationPage(ConfirmationPage.java:52)
	at com.wyn.automation.pages.ConfirmationPage.verfyConfirmationPage(ConfirmationPage.java:52)
	at com.wyn.automation.pages.ConfirmationPage.verfyConfirmationPage(ConfirmationPage.java:52)
	at com.wyn.automation.pages.ConfirmationPage.verfyConfirmationPage(ConfirmationPage.java:52)
	at com.wyn.automation.pages.ConfirmationPage.verfyConfirmationPage(ConfirmationPage.java:52)
	at com.wyn.automation.pages.ConfirmationPage.verfyConfirmationPage(ConfirmationPage.java:52)
	at com.wyn.automation.pages.ConfirmationPage.verfyConfirmationPage(ConfirmationPage.java:52)
	at com.wyn.automation.pages.ConfirmationPage.verfyConfirmationPage(ConfirmationPage.java:52)
	at com.wyn.automation.pages.ConfirmationPage.verfyConfirmationPage(ConfirmationPage.java:52)
	at com.wyn.automation.pages.ConfirmationPage.verfyConfirmationPage(ConfirmationPage.java:52)
	at com.wyn.automation.pages.ConfirmationPage.verfyConfirmationPage(ConfirmationPage.java:52)
	at com.wyn.automation.pages.ConfirmationPage.verfyConfirmationPage(ConfirmationPage.java:52)
	at com.wyn.automation.pages.ConfirmationPage.verfyConfirmationPage(ConfirmationPage.java:52)
	at com.wyn.automation.pages.ConfirmationPage.verfyConfirmationPage(ConfirmationPage.java:52)
	at com.wyn.automation.pages.ConfirmationPage.verfyConfirmationPage(ConfirmationPage.java:52)
	at com.wyn.automation.pages.ConfirmationPage.verfyConfirmationPage(ConfirmationPage.java:52)
	at com.wyn.automation.pages.ConfirmationPage.verfyConfirmationPage(ConfirmationPage.java:52)
	at com.wyn.automation.pages.ConfirmationPage.verfyConfirmationPage(ConfirmationPage.java:52)
	at com.wyn.automation.pages.ConfirmationPage.verfyConfirmationPage(ConfirmationPage.java:52)
	at com.wyn.automation.pages.ConfirmationPage.verfyConfirmationPage(ConfirmationPage.java:52)
	at com.wyn.automation.pages.ConfirmationPage.verfyConfirmationPage(ConfirmationPage.java:52)
	at com.wyn.automation.pages.ConfirmationPage.verfyConfirmationPage(ConfirmationPage.java:52)
	at com.wyn.automation.pages.ConfirmationPage.verfyConfirmationPage(ConfirmationPage.java:52)
	at com.wyn.automation.pages.ConfirmationPage.verfyConfirmationPage(ConfirmationPage.java:52)
	at com.wyn.automation.pages.ConfirmationPage.verfyConfirmationPage(ConfirmationPage.java:52)
	at com.wyn.automation.pages.ConfirmationPage.verfyConfirmationPage(ConfirmationPage.java:52)
	at com.wyn.automation.pages.ConfirmationPage.verfyConfirmationPage(ConfirmationPage.java:52)
	at com.wyn.automation.pages.ConfirmationPage.verfyConfirmationPage(ConfirmationPage.java:52)
	at com.wyn.automation.pages.ConfirmationPage.verfyConfirmationPage(ConfirmationPage.java:52)
	at com.wyn.automation.pages.ConfirmationPage.verfyConfirmationPage(ConfirmationPage.java:52)
	at com.wyn.automation.pages.ConfirmationPage.verfyConfirmationPage(ConfirmationPage.java:52)
	at com.wyn.automation.pages.ConfirmationPage.verfyConfirmationPage(ConfirmationPage.java:52)
	at com.wyn.automation.pages.ConfirmationPage.verfyConfirmationPage(ConfirmationPage.java:52)
	at com.wyn.automation.pages.ConfirmationPage.verfyConfirmationPage(ConfirmationPage.java:52)
	at com.wyn.automation.pages.ConfirmationPage.verfyConfirmationPage(ConfirmationPage.java:52)
	at com.wyn.automation.pages.ConfirmationPage.verfyConfirmationPage(ConfirmationPage.java:52)
	at com.wyn.automation.pages.ConfirmationPage.verfyConfirmationPage(ConfirmationPage.java:52)
	at com.wyn.automation.pages.ConfirmationPage.verfyConfirmationPage(ConfirmationPage.java:52)
	at com.wyn.automation.pages.ConfirmationPage.verfyConfirmationPage(ConfirmationPage.java:52)
	at com.wyn.automation.pages.ConfirmationPage.verfyConfirmationPage(ConfirmationPage.java:52)
	at com.wyn.automation.pages.ConfirmationPage.verfyConfirmationPage(ConfirmationPage.java:52)
	at com.wyn.automation.pages.ConfirmationPage.verfyConfirmationPage(ConfirmationPage.java:52)
	at com.wyn.automation.pages.ConfirmationPage.verfyConfirmationPage(ConfirmationPage.java:52)
	at com.wyn.automation.pages.ConfirmationPage.verfyConfirmationPage(ConfirmationPage.java:52)
	at com.wyn.automation.pages.ConfirmationPage.verfyConfirmationPage(ConfirmationPage.java:52)
	at com.wyn.automation.pages.ConfirmationPage.verfyConfirmationPage(ConfirmationPage.java:52)
	at com.wyn.automation.pages.ConfirmationPage.verfyConfirmationPage(ConfirmationPage.java:52)
	at com.wyn.automation.pages.ConfirmationPage.verfyConfirmationPage(ConfirmationPage.java:52)
	at com.wyn.automation.pages.ConfirmationPage.verfyConfirmationPage(ConfirmationPage.java:52)
	at com.wyn.automation.pages.ConfirmationPage.verfyConfirmationPage(ConfirmationPage.java:52)
	at com.wyn.automation.pages.ConfirmationPage.verfyConfirmationPage(ConfirmationPage.java:52)
	at com.wyn.automation.pages.ConfirmationPage.verfyConfirmationPage(ConfirmationPage.java:52)
	at com.wyn.automation.pages.ConfirmationPage.verfyConfirmationPage(ConfirmationPage.java:52)
	at com.wyn.automation.pages.ConfirmationPage.verfyConfirmationPage(ConfirmationPage.java:52)
	at com.wyn.automation.pages.ConfirmationPage.verfyConfirmationPage(ConfirmationPage.java:52)
	at com.wyn.automation.pages.ConfirmationPage.verfyConfirmationPage(ConfirmationPage.java:52)
	at com.wyn.automation.pages.ConfirmationPage.verfyConfirmationPage(ConfirmationPage.java:52)
	at com.wyn.automation.pages.ConfirmationPage.verfyConfirmationPage(ConfirmationPage.java:52)
	at com.wyn.automation.pages.ConfirmationPage.verfyConfirmationPage(ConfirmationPage.java:52)
	at com.wyn.automation.pages.ConfirmationPage.verfyConfirmationPage(ConfirmationPage.java:52)
	at com.wyn.automation.pages.ConfirmationPage.verfyConfirmationPage(ConfirmationPage.java:52)
	at com.wyn.automation.pages.ConfirmationPage.verfyConfirmationPage(ConfirmationPage.java:52)
	at com.wyn.automation.pages.ConfirmationPage.verfyConfirmationPage(ConfirmationPage.java:52)
	at com.wyn.automation.pages.ConfirmationPage.verfyConfirmationPage(ConfirmationPage.java:52)
	at com.wyn.automation.pages.ConfirmationPage.verfyConfirmationPage(ConfirmationPage.java:52)
	at com.wyn.automation.pages.ConfirmationPage.verfyConfirmationPage(ConfirmationPage.java:52)
	at com.wyn.automation.pages.ConfirmationPage.verfyConfirmationPage(ConfirmationPage.java:52)
	at com.wyn.automation.pages.ConfirmationPage.verfyConfirmationPage(ConfirmationPage.java:52)
	at com.wyn.automation.pages.ConfirmationPage.verfyConfirmationPage(ConfirmationPage.java:52)
	at com.wyn.automation.pages.ConfirmationPage.verfyConfirmationPage(ConfirmationPage.java:52)
	at com.wyn.automation.pages.ConfirmationPage.verfyConfirmationPage(ConfirmationPage.java:52)
	at com.wyn.automation.pages.ConfirmationPage.verfyConfirmationPage(ConfirmationPage.java:52)
	at com.wyn.automation.pages.ConfirmationPage.verfyConfirmationPage(ConfirmationPage.java:52)
	at com.wyn.automation.pages.ConfirmationPage.verfyConfirmationPage(ConfirmationPage.java:52)
	at com.wyn.automation.pages.ConfirmationPage.verfyConfirmationPage(ConfirmationPage.java:52)
	at com.wyn.automation.pages.ConfirmationPage.verfyConfirmationPage(ConfirmationPage.java:52)
	at com.wyn.automation.pages.ConfirmationPage.verfyConfirmationPage(ConfirmationPage.java:52)
	at com.wyn.automation.pages.ConfirmationPage.verfyConfirmationPage(ConfirmationPage.java:52)
	at com.wyn.automation.pages.ConfirmationPage.verfyConfirmationPage(ConfirmationPage.java:52)
	at com.wyn.automation.pages.ConfirmationPage.verfyConfirmationPage(ConfirmationPage.java:52)
	at com.wyn.automation.pages.ConfirmationPage.verfyConfirmationPage(ConfirmationPage.java:52)
	at com.wyn.automation.pages.ConfirmationPage.verfyConfirmationPage(ConfirmationPage.java:52)
	at com.wyn.automation.pages.ConfirmationPage.verfyConfirmationPage(ConfirmationPage.java:52)
	at com.wyn.automation.pages.ConfirmationPage.verfyConfirmationPage(ConfirmationPage.java:52)
	at com.wyn.automation.pages.ConfirmationPage.verfyConfirmationPage(ConfirmationPage.java:52)
	at com.wyn.automation.pages.ConfirmationPage.verfyConfirmationPage(ConfirmationPage.java:52)
	at com.wyn.automation.pages.ConfirmationPage.verfyConfirmationPage(ConfirmationPage.java:52)
	at com.wyn.automation.pages.ConfirmationPage.verfyConfirmationPage(ConfirmationPage.java:52)
	at com.wyn.automation.pages.ConfirmationPage.verfyConfirmationPage(ConfirmationPage.java:52)
	at com.wyn.automation.pages.ConfirmationPage.verfyConfirmationPage(ConfirmationPage.java:52)
	at com.wyn.automation.pages.ConfirmationPage.verfyConfirmationPage(ConfirmationPage.java:52)
	at com.wyn.automation.pages.ConfirmationPage.verfyConfirmationPage(ConfirmationPage.java:52)
	at com.wyn.automation.pages.ConfirmationPage.verfyConfirmationPage(ConfirmationPage.java:52)
	at com.wyn.automation.pages.ConfirmationPage.verfyConfirmationPage(ConfirmationPage.java:52)
	at com.wyn.automation.pages.ConfirmationPage.verfyConfirmationPage(ConfirmationPage.java:52)
	at com.wyn.automation.pages.ConfirmationPage.verfyConfirmationPage(ConfirmationPage.java:52)
	at com.wyn.automation.pages.ConfirmationPage.verfyConfirmationPage(ConfirmationPage.java:52)
	at com.wyn.automation.pages.ConfirmationPage.verfyConfirmationPage(ConfirmationPage.java:52)
	at com.wyn.automation.pages.ConfirmationPage.verfyConfirmationPage(ConfirmationPage.java:52)
	at com.wyn.automation.pages.ConfirmationPage.verfyConfirmationPage(ConfirmationPage.java:52)
	at com.wyn.automation.pages.ConfirmationPage.verfyConfirmationPage(ConfirmationPage.java:52)
	at com.wyn.automation.pages.ConfirmationPage.verfyConfirmationPage(ConfirmationPage.java:52)
	at com.wyn.automation.pages.ConfirmationPage.verfyConfirmationPage(ConfirmationPage.java:52)
	at com.wyn.automation.pages.ConfirmationPage.verfyConfirmationPage(ConfirmationPage.java:52)
	at com.wyn.automation.pages.ConfirmationPage.verfyConfirmationPage(ConfirmationPage.java:52)
	at com.wyn.automation.pages.ConfirmationPage.verfyConfirmationPage(ConfirmationPage.java:52)
	at com.wyn.automation.pages.ConfirmationPage.verfyConfirmationPage(ConfirmationPage.java:52)
	at com.wyn.automation.pages.ConfirmationPage.verfyConfirmationPage(ConfirmationPage.java:52)
	at com.wyn.automation.pages.ConfirmationPage.verfyConfirmationPage(ConfirmationPage.java:52)
	at com.wyn.automation.pages.ConfirmationPage.verfyConfirmationPage(ConfirmationPage.java:52)
	at com.wyn.automation.pages.ConfirmationPage.verfyConfirmationPage(ConfirmationPage.java:52)
	at com.wyn.automation.pages.ConfirmationPage.verfyConfirmationPage(ConfirmationPage.java:52)
	at com.wyn.automation.pages.ConfirmationPage.verfyConfirmationPage(ConfirmationPage.java:52)
	at com.wyn.automation.pages.ConfirmationPage.verfyConfirmationPage(ConfirmationPage.java:52)
	at com.wyn.automation.pages.ConfirmationPage.verfyConfirmationPage(ConfirmationPage.java:52)
	at com.wyn.automation.pages.ConfirmationPage.verfyConfirmationPage(ConfirmationPage.java:52)
	at com.wyn.automation.pages.ConfirmationPage.verfyConfirmationPage(ConfirmationPage.java:52)
	at com.wyn.automation.pages.ConfirmationPage.verfyConfirmationPage(ConfirmationPage.java:52)
	at com.wyn.automation.pages.ConfirmationPage.verfyConfirmationPage(ConfirmationPage.java:52)
	at com.wyn.automation.pages.ConfirmationPage.verfyConfirmationPage(ConfirmationPage.java:52)
	at com.wyn.automation.pages.ConfirmationPage.verfyConfirmationPage(ConfirmationPage.java:52)
	at com.wyn.automation.pages.ConfirmationPage.verfyConfirmationPage(ConfirmationPage.java:52)
	at com.wyn.automation.pages.ConfirmationPage.verfyConfirmationPage(ConfirmationPage.java:52)
	at com.wyn.automation.pages.ConfirmationPage.verfyConfirmationPage(ConfirmationPage.java:52)
	at com.wyn.automation.pages.ConfirmationPage.verfyConfirmationPage(ConfirmationPage.java:52)
	at com.wyn.automation.pages.ConfirmationPage.verfyConfirmationPage(ConfirmationPage.java:52)
	at com.wyn.automation.pages.ConfirmationPage.verfyConfirmationPage(ConfirmationPage.java:52)
	at com.wyn.automation.pages.ConfirmationPage.verfyConfirmationPage(ConfirmationPage.java:52)
	at com.wyn.automation.pages.ConfirmationPage.verfyConfirmationPage(ConfirmationPage.java:52)
	at com.wyn.automation.pages.ConfirmationPage.verfyConfirmationPage(ConfirmationPage.java:52)
	at com.wyn.automation.pages.ConfirmationPage.verfyConfirmationPage(ConfirmationPage.java:52)
	at com.wyn.automation.pages.ConfirmationPage.verfyConfirmationPage(ConfirmationPage.java:52)
	at com.wyn.automation.pages.ConfirmationPage.verfyConfirmationPage(ConfirmationPage.java:52)
	at com.wyn.automation.pages.ConfirmationPage.verfyConfirmationPage(ConfirmationPage.java:52)
	at com.wyn.automation.pages.ConfirmationPage.verfyConfirmationPage(ConfirmationPage.java:52)
	at com.wyn.automation.pages.ConfirmationPage.verfyConfirmationPage(ConfirmationPage.java:52)
	at com.wyn.automation.pages.ConfirmationPage.verfyConfirmationPage(ConfirmationPage.java:52)
	at com.wyn.automation.pages.ConfirmationPage.verfyConfirmationPage(ConfirmationPage.java:52)
	at com.wyn.automation.pages.ConfirmationPage.verfyConfirmationPage(ConfirmationPage.java:52)
	at com.wyn.automation.pages.ConfirmationPage.verfyConfirmationPage(ConfirmationPage.java:52)
	at com.wyn.automation.pages.ConfirmationPage.verfyConfirmationPage(ConfirmationPage.java:52)
	at com.wyn.automation.pages.ConfirmationPage.verfyConfirmationPage(ConfirmationPage.java:52)
	at com.wyn.automation.pages.ConfirmationPage.verfyConfirmationPage(ConfirmationPage.java:52)
	at com.wyn.automation.pages.ConfirmationPage.verfyConfirmationPage(ConfirmationPage.java:52)
	at com.wyn.automation.pages.ConfirmationPage.verfyConfirmationPage(ConfirmationPage.java:52)
	at com.wyn.automation.pages.ConfirmationPage.verfyConfirmationPage(ConfirmationPage.java:52)
	at com.wyn.automation.pages.ConfirmationPage.verfyConfirmationPage(ConfirmationPage.java:52)
	at com.wyn.automation.pages.ConfirmationPage.verfyConfirmationPage(ConfirmationPage.java:52)
	at com.wyn.automation.pages.ConfirmationPage.verfyConfirmationPage(ConfirmationPage.java:52)
	at com.wyn.automation.pages.ConfirmationPage.verfyConfirmationPage(ConfirmationPage.java:52)
	at com.wyn.automation.pages.ConfirmationPage.verfyConfirmationPage(ConfirmationPage.java:52)
	at com.wyn.automation.pages.ConfirmationPage.verfyConfirmationPage(ConfirmationPage.java:52)
	at com.wyn.automation.pages.ConfirmationPage.verfyConfirmationPage(ConfirmationPage.java:52)
	at com.wyn.automation.pages.ConfirmationPage.verfyConfirmationPage(ConfirmationPage.java:52)
	at com.wyn.automation.pages.ConfirmationPage.verfyConfirmationPage(ConfirmationPage.java:52)
	at com.wyn.automation.pages.ConfirmationPage.verfyConfirmationPage(ConfirmationPage.java:52)
	at com.wyn.automation.pages.ConfirmationPage.verfyConfirmationPage(ConfirmationPage.java:52)
	at com.wyn.automation.pages.ConfirmationPage.verfyConfirmationPage(ConfirmationPage.java:52)
	at com.wyn.automation.pages.ConfirmationPage.verfyConfirmationPage(ConfirmationPage.java:52)
	at com.wyn.automation.pages.ConfirmationPage.verfyConfirmationPage(ConfirmationPage.java:52)
	at com.wyn.automation.pages.ConfirmationPage.verfyConfirmationPage(ConfirmationPage.java:52)
	at com.wyn.automation.pages.ConfirmationPage.verfyConfirmationPage(ConfirmationPage.java:52)
	at com.wyn.automation.pages.ConfirmationPage.verfyConfirmationPage(ConfirmationPage.java:52)
	at com.wyn.automation.pages.ConfirmationPage.verfyConfirmationPage(ConfirmationPage.java:52)
	at com.wyn.automation.pages.ConfirmationPage.verfyConfirmationPage(ConfirmationPage.java:52)
	at com.wyn.automation.pages.ConfirmationPage.verfyConfirmationPage(ConfirmationPage.java:52)
	at com.wyn.automation.pages.ConfirmationPage.verfyConfirmationPage(ConfirmationPage.java:52)
	at com.wyn.automation.pages.ConfirmationPage.verfyConfirmationPage(ConfirmationPage.java:52)
	at com.wyn.automation.pages.ConfirmationPage.verfyConfirmationPage(ConfirmationPage.java:52)
	at com.wyn.automation.pages.ConfirmationPage.verfyConfirmationPage(ConfirmationPage.java:52)
	at com.wyn.automation.pages.ConfirmationPage.verfyConfirmationPage(ConfirmationPage.java:52)
	at com.wyn.automation.pages.ConfirmationPage.verfyConfirmationPage(ConfirmationPage.java:52)
	at com.wyn.automation.pages.ConfirmationPage.verfyConfirmationPage(ConfirmationPage.java:52)
	at com.wyn.automation.pages.ConfirmationPage.verfyConfirmationPage(ConfirmationPage.java:52)
	at com.wyn.automation.pages.ConfirmationPage.verfyConfirmationPage(ConfirmationPage.java:52)
	at com.wyn.automation.pages.ConfirmationPage.verfyConfirmationPage(ConfirmationPage.java:52)
	at com.wyn.automation.pages.ConfirmationPage.verfyConfirmationPage(ConfirmationPage.java:52)
	at com.wyn.automation.pages.ConfirmationPage.verfyConfirmationPage(ConfirmationPage.java:52)
	at com.wyn.automation.pages.ConfirmationPage.verfyConfirmationPage(ConfirmationPage.java:52)
	at com.wyn.automation.pages.ConfirmationPage.verfyConfirmationPage(ConfirmationPage.java:52)
	at com.wyn.automation.pages.ConfirmationPage.verfyConfirmationPage(ConfirmationPage.java:52)
	at com.wyn.automation.pages.ConfirmationPage.verfyConfirmationPage(ConfirmationPage.java:52)
	at com.wyn.automation.pages.ConfirmationPage.verfyConfirmationPage(ConfirmationPage.java:52)
	at com.wyn.automation.pages.ConfirmationPage.verfyConfirmationPage(ConfirmationPage.java:52)
	at com.wyn.automation.pages.ConfirmationPage.verfyConfirmationPage(ConfirmationPage.java:52)
	at com.wyn.automation.pages.ConfirmationPage.verfyConfirmationPage(ConfirmationPage.java:52)
	at com.wyn.automation.pages.ConfirmationPage.verfyConfirmationPage(ConfirmationPage.java:52)
	at com.wyn.automation.pages.ConfirmationPage.verfyConfirmationPage(ConfirmationPage.java:52)
	at com.wyn.automation.pages.ConfirmationPage.verfyConfirmationPage(ConfirmationPage.java:52)
	at com.wyn.automation.pages.ConfirmationPage.verfyConfirmationPage(ConfirmationPage.java:52)
	at com.wyn.automation.pages.ConfirmationPage.verfyConfirmationPage(ConfirmationPage.java:52)
	at com.wyn.automation.pages.ConfirmationPage.verfyConfirmationPage(ConfirmationPage.java:52)
	at com.wyn.automation.pages.ConfirmationPage.verfyConfirmationPage(ConfirmationPage.java:52)
	at com.wyn.automation.pages.ConfirmationPage.verfyConfirmationPage(ConfirmationPage.java:52)
	at com.wyn.automation.pages.ConfirmationPage.verfyConfirmationPage(ConfirmationPage.java:52)
	at com.wyn.automation.pages.ConfirmationPage.verfyConfirmationPage(ConfirmationPage.java:52)
	at com.wyn.automation.pages.ConfirmationPage.verfyConfirmationPage(ConfirmationPage.java:52)
	at com.wyn.automation.pages.ConfirmationPage.verfyConfirmationPage(ConfirmationPage.java:52)
	at com.wyn.automation.pages.ConfirmationPage.verfyConfirmationPage(ConfirmationPage.java:52)
	at com.wyn.automation.pages.ConfirmationPage.verfyConfirmationPage(ConfirmationPage.java:52)
	at com.wyn.automation.pages.ConfirmationPage.verfyConfirmationPage(ConfirmationPage.java:52)
	at com.wyn.automation.pages.ConfirmationPage.verfyConfirmationPage(ConfirmationPage.java:52)
	at com.wyn.automation.pages.ConfirmationPage.verfyConfirmationPage(ConfirmationPage.java:52)
	at com.wyn.automation.pages.ConfirmationPage.verfyConfirmationPage(ConfirmationPage.java:52)
	at com.wyn.automation.pages.ConfirmationPage.verfyConfirmationPage(ConfirmationPage.java:52)
	at com.wyn.automation.pages.ConfirmationPage.verfyConfirmationPage(ConfirmationPage.java:52)
	at com.wyn.automation.pages.ConfirmationPage.verfyConfirmationPage(ConfirmationPage.java:52)
	at com.wyn.automation.pages.ConfirmationPage.verfyConfirmationPage(ConfirmationPage.java:52)
	at com.wyn.automation.pages.ConfirmationPage.verfyConfirmationPage(ConfirmationPage.java:52)
	at com.wyn.automation.pages.ConfirmationPage.verfyConfirmationPage(ConfirmationPage.java:52)
	at com.wyn.automation.pages.ConfirmationPage.verfyConfirmationPage(ConfirmationPage.java:52)
	at com.wyn.automation.pages.ConfirmationPage.verfyConfirmationPage(ConfirmationPage.java:52)
	at com.wyn.automation.pages.ConfirmationPage.verfyConfirmationPage(ConfirmationPage.java:52)
	at com.wyn.automation.pages.ConfirmationPage.verfyConfirmationPage(ConfirmationPage.java:52)
	at com.wyn.automation.pages.ConfirmationPage.verfyConfirmationPage(ConfirmationPage.java:52)
	at com.wyn.automation.pages.ConfirmationPage.verfyConfirmationPage(ConfirmationPage.java:52)
	at com.wyn.automation.pages.ConfirmationPage.verfyConfirmationPage(ConfirmationPage.java:52)
	at com.wyn.automation.pages.ConfirmationPage.verfyConfirmationPage(ConfirmationPage.java:52)
	at com.wyn.automation.pages.ConfirmationPage.verfyConfirmationPage(ConfirmationPage.java:52)
	at com.wyn.automation.pages.ConfirmationPage.verfyConfirmationPage(ConfirmationPage.java:52)
	at com.wyn.automation.pages.ConfirmationPage.verfyConfirmationPage(ConfirmationPage.java:52)
	at com.wyn.automation.pages.ConfirmationPage.verfyConfirmationPage(ConfirmationPage.java:52)
	at com.wyn.automation.pages.ConfirmationPage.verfyConfirmationPage(ConfirmationPage.java:52)
	at com.wyn.automation.pages.ConfirmationPage.verfyConfirmationPage(ConfirmationPage.java:52)
	at com.wyn.automation.pages.ConfirmationPage.verfyConfirmationPage(ConfirmationPage.java:52)
	at com.wyn.automation.pages.ConfirmationPage.verfyConfirmationPage(ConfirmationPage.java:52)
	at com.wyn.automation.pages.ConfirmationPage.verfyConfirmationPage(ConfirmationPage.java:52)
	at com.wyn.automation.pages.ConfirmationPage.verfyConfirmationPage(ConfirmationPage.java:52)
	at com.wyn.automation.pages.ConfirmationPage.verfyConfirmationPage(ConfirmationPage.java:52)
	at com.wyn.automation.pages.ConfirmationPage.verfyConfirmationPage(ConfirmationPage.java:52)
	at com.wyn.automation.pages.ConfirmationPage.verfyConfirmationPage(ConfirmationPage.java:52)
	at com.wyn.automation.pages.ConfirmationPage.verfyConfirmationPage(ConfirmationPage.java:52)
	at com.wyn.automation.pages.ConfirmationPage.verfyConfirmationPage(ConfirmationPage.java:52)
	at com.wyn.automation.pages.ConfirmationPage.verfyConfirmationPage(ConfirmationPage.java:52)
	at com.wyn.automation.pages.ConfirmationPage.verfyConfirmationPage(ConfirmationPage.java:52)
	at com.wyn.automation.pages.ConfirmationPage.verfyConfirmationPage(ConfirmationPage.java:52)
	at com.wyn.automation.pages.ConfirmationPage.verfyConfirmationPage(ConfirmationPage.java:52)
	at com.wyn.automation.pages.ConfirmationPage.verfyConfirmationPage(ConfirmationPage.java:52)
	at com.wyn.automation.pages.ConfirmationPage.verfyConfirmationPage(ConfirmationPage.java:52)
	at com.wyn.automation.pages.ConfirmationPage.verfyConfirmationPage(ConfirmationPage.java:52)
	at com.wyn.automation.pages.ConfirmationPage.verfyConfirmationPage(ConfirmationPage.java:52)
	at com.wyn.automation.pages.ConfirmationPage.verfyConfirmationPage(ConfirmationPage.java:52)
	at com.wyn.automation.pages.ConfirmationPage.verfyConfirmationPage(ConfirmationPage.java:52)
	at com.wyn.automation.pages.ConfirmationPage.verfyConfirmationPage(ConfirmationPage.java:52)
	at com.wyn.automation.pages.ConfirmationPage.verfyConfirmationPage(ConfirmationPage.java:52)
	at com.wyn.automation.pages.ConfirmationPage.verfyConfirmationPage(ConfirmationPage.java:52)
	at com.wyn.automation.pages.ConfirmationPage.verfyConfirmationPage(ConfirmationPage.java:52)
	at com.wyn.automation.pages.ConfirmationPage.verfyConfirmationPage(ConfirmationPage.java:52)
	at com.wyn.automation.pages.ConfirmationPage.verfyConfirmationPage(ConfirmationPage.java:52)
	at com.wyn.automation.pages.ConfirmationPage.verfyConfirmationPage(ConfirmationPage.java:52)
	at com.wyn.automation.pages.ConfirmationPage.verfyConfirmationPage(ConfirmationPage.java:52)
	at com.wyn.automation.pages.ConfirmationPage.verfyConfirmationPage(ConfirmationPage.java:52)
	at com.wyn.automation.pages.ConfirmationPage.verfyConfirmationPage(ConfirmationPage.java:52)
	at com.wyn.automation.pages.ConfirmationPage.verfyConfirmationPage(ConfirmationPage.java:52)
	at com.wyn.automation.pages.ConfirmationPage.verfyConfirmationPage(ConfirmationPage.java:52)
	at com.wyn.automation.pages.ConfirmationPage.verfyConfirmationPage(ConfirmationPage.java:52)
	at com.wyn.automation.pages.ConfirmationPage.verfyConfirmationPage(ConfirmationPage.java:52)
	at com.wyn.automation.pages.ConfirmationPage.verfyConfirmationPage(ConfirmationPage.java:52)
	at com.wyn.automation.pages.ConfirmationPage.verfyConfirmationPage(ConfirmationPage.java:52)
	at com.wyn.automation.pages.ConfirmationPage.verfyConfirmationPage(ConfirmationPage.java:52)
	at com.wyn.automation.pages.ConfirmationPage.verfyConfirmationPage(ConfirmationPage.java:52)
	at com.wyn.automation.pages.ConfirmationPage.verfyConfirmationPage(ConfirmationPage.java:52)
	at com.wyn.automation.pages.ConfirmationPage.verfyConfirmationPage(ConfirmationPage.java:52)
	at com.wyn.automation.pages.ConfirmationPage.verfyConfirmationPage(ConfirmationPage.java:52)
	at com.wyn.automation.pages.ConfirmationPage.verfyConfirmationPage(ConfirmationPage.java:52)
	at com.wyn.automation.pages.ConfirmationPage.verfyConfirmationPage(ConfirmationPage.java:52)
	at com.wyn.automation.pages.ConfirmationPage.verfyConfirmationPage(ConfirmationPage.java:52)
	at com.wyn.automation.pages.ConfirmationPage.verfyConfirmationPage(ConfirmationPage.java:52)
	at com.wyn.automation.pages.ConfirmationPage.verfyConfirmationPage(ConfirmationPage.java:52)
	at com.wyn.automation.pages.ConfirmationPage.verfyConfirmationPage(ConfirmationPage.java:52)
	at com.wyn.automation.pages.ConfirmationPage.verfyConfirmationPage(ConfirmationPage.java:52)
	at com.wyn.automation.pages.ConfirmationPage.verfyConfirmationPage(ConfirmationPage.java:52)
	at com.wyn.automation.pages.ConfirmationPage.verfyConfirmationPage(ConfirmationPage.java:52)
	at com.wyn.automation.pages.ConfirmationPage.verfyConfirmationPage(ConfirmationPage.java:52)
	at com.wyn.automation.pages.ConfirmationPage.verfyConfirmationPage(ConfirmationPage.java:52)
	at com.wyn.automation.pages.ConfirmationPage.verfyConfirmationPage(ConfirmationPage.java:52)
	at com.wyn.automation.pages.ConfirmationPage.verfyConfirmationPage(ConfirmationPage.java:52)
	at com.wyn.automation.pages.ConfirmationPage.verfyConfirmationPage(ConfirmationPage.java:52)
	at com.wyn.automation.pages.ConfirmationPage.verfyConfirmationPage(ConfirmationPage.java:52)
	at com.wyn.automation.pages.ConfirmationPage.verfyConfirmationPage(ConfirmationPage.java:52)
	at com.wyn.automation.pages.ConfirmationPage.verfyConfirmationPage(ConfirmationPage.java:52)
	at com.wyn.automation.pages.ConfirmationPage.verfyConfirmationPage(ConfirmationPage.java:52)
	at com.wyn.automation.pages.ConfirmationPage.verfyConfirmationPage(ConfirmationPage.java:52)
	at com.wyn.automation.pages.ConfirmationPage.verfyConfirmationPage(ConfirmationPage.java:52)
	at com.wyn.automation.pages.ConfirmationPage.verfyConfirmationPage(ConfirmationPage.java:52)
	at com.wyn.automation.pages.ConfirmationPage.verfyConfirmationPage(ConfirmationPage.java:52)
	at com.wyn.automation.pages.ConfirmationPage.verfyConfirmationPage(ConfirmationPage.java:52)
	at com.wyn.automation.pages.ConfirmationPage.verfyConfirmationPage(ConfirmationPage.java:52)
	at com.wyn.automation.pages.ConfirmationPage.verfyConfirmationPage(ConfirmationPage.java:52)
	at com.wyn.automation.pages.ConfirmationPage.verfyConfirmationPage(ConfirmationPage.java:52)
	at com.wyn.automation.pages.ConfirmationPage.verfyConfirmationPage(ConfirmationPage.java:52)
	at com.wyn.automation.pages.ConfirmationPage.verfyConfirmationPage(ConfirmationPage.java:52)
	at com.wyn.automation.pages.ConfirmationPage.verfyConfirmationPage(ConfirmationPage.java:52)
	at com.wyn.automation.pages.ConfirmationPage.verfyConfirmationPage(ConfirmationPage.java:52)
	at com.wyn.automation.pages.ConfirmationPage.verfyConfirmationPage(ConfirmationPage.java:52)
	at com.wyn.automation.pages.ConfirmationPage.verfyConfirmationPage(ConfirmationPage.java:52)
	at com.wyn.automation.pages.ConfirmationPage.verfyConfirmationPage(ConfirmationPage.java:52)
	at com.wyn.automation.pages.ConfirmationPage.verfyConfirmationPage(ConfirmationPage.java:52)
	at com.wyn.automation.pages.ConfirmationPage.verfyConfirmationPage(ConfirmationPage.java:52)
	at com.wyn.automation.pages.ConfirmationPage.verfyConfirmationPage(ConfirmationPage.java:52)
	at com.wyn.automation.pages.ConfirmationPage.verfyConfirmationPage(ConfirmationPage.java:52)
	at com.wyn.automation.pages.ConfirmationPage.verfyConfirmationPage(ConfirmationPage.java:52)
	at com.wyn.automation.pages.ConfirmationPage.verfyConfirmationPage(ConfirmationPage.java:52)
	at com.wyn.automation.pages.ConfirmationPage.verfyConfirmationPage(ConfirmationPage.java:52)
	at com.wyn.automation.pages.ConfirmationPage.verfyConfirmationPage(ConfirmationPage.java:52)
	at com.wyn.automation.pages.ConfirmationPage.verfyConfirmationPage(ConfirmationPage.java:52)
	at com.wyn.automation.pages.ConfirmationPage.verfyConfirmationPage(ConfirmationPage.java:52)
	at com.wyn.automation.pages.ConfirmationPage.verfyConfirmationPage(ConfirmationPage.java:52)
	at com.wyn.automation.pages.ConfirmationPage.verfyConfirmationPage(ConfirmationPage.java:52)
	at com.wyn.automation.pages.ConfirmationPage.verfyConfirmationPage(ConfirmationPage.java:52)
	at com.wyn.automation.pages.ConfirmationPage.verfyConfirmationPage(ConfirmationPage.java:52)
	at com.wyn.automation.pages.ConfirmationPage.verfyConfirmationPage(ConfirmationPage.java:52)
	at com.wyn.automation.pages.ConfirmationPage.verfyConfirmationPage(ConfirmationPage.java:52)
	at com.wyn.automation.pages.ConfirmationPage.verfyConfirmationPage(ConfirmationPage.java:52)
	at com.wyn.automation.pages.ConfirmationPage.verfyConfirmationPage(ConfirmationPage.java:52)
	at com.wyn.automation.pages.ConfirmationPage.verfyConfirmationPage(ConfirmationPage.java:52)
	at com.wyn.automation.pages.ConfirmationPage.verfyConfirmationPage(ConfirmationPage.java:52)
	at com.wyn.automation.pages.ConfirmationPage.verfyConfirmationPage(ConfirmationPage.java:52)
	at com.wyn.automation.pages.ConfirmationPage.verfyConfirmationPage(ConfirmationPage.java:52)
	at com.wyn.automation.pages.ConfirmationPage.verfyConfirmationPage(ConfirmationPage.java:52)
	at com.wyn.automation.pages.ConfirmationPage.verfyConfirmationPage(ConfirmationPage.java:52)
	at com.wyn.automation.pages.ConfirmationPage.verfyConfirmationPage(ConfirmationPage.java:52)
	at com.wyn.automation.pages.ConfirmationPage.verfyConfirmationPage(ConfirmationPage.java:52)
	at com.wyn.automation.pages.ConfirmationPage.verfyConfirmationPage(ConfirmationPage.java:52)
	at com.wyn.automation.pages.ConfirmationPage.verfyConfirmationPage(ConfirmationPage.java:52)
	at com.wyn.automation.pages.ConfirmationPage.verfyConfirmationPage(ConfirmationPage.java:52)
	at com.wyn.automation.pages.ConfirmationPage.verfyConfirmationPage(ConfirmationPage.java:52)
	at com.wyn.automation.pages.ConfirmationPage.verfyConfirmationPage(ConfirmationPage.java:52)
	at com.wyn.automation.pages.ConfirmationPage.verfyConfirmationPage(ConfirmationPage.java:52)
	at com.wyn.automation.pages.ConfirmationPage.verfyConfirmationPage(ConfirmationPage.java:52)
	at com.wyn.automation.pages.ConfirmationPage.verfyConfirmationPage(ConfirmationPage.java:52)
	at com.wyn.automation.pages.ConfirmationPage.verfyConfirmationPage(ConfirmationPage.java:52)
	at com.wyn.automation.pages.ConfirmationPage.verfyConfirmationPage(ConfirmationPage.java:52)
	at com.wyn.automation.pages.ConfirmationPage.verfyConfirmationPage(ConfirmationPage.java:52)
	at com.wyn.automation.pages.ConfirmationPage.verfyConfirmationPage(ConfirmationPage.java:52)
	at com.wyn.automation.pages.ConfirmationPage.verfyConfirmationPage(ConfirmationPage.java:52)
	at com.wyn.automation.pages.ConfirmationPage.verfyConfirmationPage(ConfirmationPage.java:52)
	at com.wyn.automation.pages.ConfirmationPage.verfyConfirmationPage(ConfirmationPage.java:52)
	at com.wyn.automation.pages.ConfirmationPage.verfyConfirmationPage(ConfirmationPage.java:52)
	at com.wyn.automation.pages.ConfirmationPage.verfyConfirmationPage(ConfirmationPage.java:52)
	at com.wyn.automation.pages.ConfirmationPage.verfyConfirmationPage(ConfirmationPage.java:52)
	at com.wyn.automation.pages.ConfirmationPage.verfyConfirmationPage(ConfirmationPage.java:52)
	at com.wyn.automation.pages.ConfirmationPage.verfyConfirmationPage(ConfirmationPage.java:52)
	at com.wyn.automation.pages.ConfirmationPage.verfyConfirmationPage(ConfirmationPage.java:52)
	at com.wyn.automation.pages.ConfirmationPage.verfyConfirmationPage(ConfirmationPage.java:52)
	at com.wyn.automation.pages.ConfirmationPage.verfyConfirmationPage(ConfirmationPage.java:52)
	at com.wyn.automation.pages.ConfirmationPage.verfyConfirmationPage(ConfirmationPage.java:52)
	at com.wyn.automation.pages.ConfirmationPage.verfyConfirmationPage(ConfirmationPage.java:52)
	at com.wyn.automation.pages.ConfirmationPage.verfyConfirmationPage(ConfirmationPage.java:52)
	at com.wyn.automation.pages.ConfirmationPage.verfyConfirmationPage(ConfirmationPage.java:52)
	at com.wyn.automation.pages.ConfirmationPage.verfyConfirmationPage(ConfirmationPage.java:52)
	at com.wyn.automation.pages.ConfirmationPage.verfyConfirmationPage(ConfirmationPage.java:52)
	at com.wyn.automation.pages.ConfirmationPage.verfyConfirmationPage(ConfirmationPage.java:52)
	at com.wyn.automation.pages.ConfirmationPage.verfyConfirmationPage(ConfirmationPage.java:52)
	at com.wyn.automation.pages.ConfirmationPage.verfyConfirmationPage(ConfirmationPage.java:52)
	at com.wyn.automation.pages.ConfirmationPage.verfyConfirmationPage(ConfirmationPage.java:52)
	at com.wyn.automation.pages.ConfirmationPage.verfyConfirmationPage(ConfirmationPage.java:52)
	at com.wyn.automation.pages.ConfirmationPage.verfyConfirmationPage(ConfirmationPage.java:52)
	at com.wyn.automation.pages.ConfirmationPage.verfyConfirmationPage(ConfirmationPage.java:52)
	at com.wyn.automation.pages.ConfirmationPage.verfyConfirmationPage(ConfirmationPage.java:52)
	at com.wyn.automation.pages.ConfirmationPage.verfyConfirmationPage(ConfirmationPage.java:52)
	at com.wyn.automation.pages.ConfirmationPage.verfyConfirmationPage(ConfirmationPage.java:52)
	at com.wyn.automation.pages.ConfirmationPage.verfyConfirmationPage(ConfirmationPage.java:52)
	at com.wyn.automation.pages.ConfirmationPage.verfyConfirmationPage(ConfirmationPage.java:52)
	at com.wyn.automation.pages.ConfirmationPage.verfyConfirmationPage(ConfirmationPage.java:52)
	at com.wyn.automation.pages.ConfirmationPage.verfyConfirmationPage(ConfirmationPage.java:52)
	at com.wyn.automation.pages.ConfirmationPage.verfyConfirmationPage(ConfirmationPage.java:52)
	at com.wyn.automation.pages.ConfirmationPage.verfyConfirmationPage(ConfirmationPage.java:52)
	at com.wyn.automation.pages.ConfirmationPage.verfyConfirmationPage(ConfirmationPage.java:52)
	at com.wyn.automation.pages.ConfirmationPage.verfyConfirmationPage(ConfirmationPage.java:52)
	at com.wyn.automation.pages.ConfirmationPage.verfyConfirmationPage(ConfirmationPage.java:52)
	at com.wyn.automation.pages.ConfirmationPage.verfyConfirmationPage(ConfirmationPage.java:52)
	at com.wyn.automation.pages.ConfirmationPage.verfyConfirmationPage(ConfirmationPage.java:52)
	at com.wyn.automation.pages.ConfirmationPage.verfyConfirmationPage(ConfirmationPage.java:52)
	at com.wyn.automation.pages.ConfirmationPage.verfyConfirmationPage(ConfirmationPage.java:52)
	at com.wyn.automation.pages.ConfirmationPage.verfyConfirmationPage(ConfirmationPage.java:52)
	at com.wyn.automation.pages.ConfirmationPage.verfyConfirmationPage(ConfirmationPage.java:52)
	at com.wyn.automation.pages.ConfirmationPage.verfyConfirmationPage(ConfirmationPage.java:52)
	at com.wyn.automation.pages.ConfirmationPage.verfyConfirmationPage(ConfirmationPage.java:52)
	at com.wyn.automation.pages.ConfirmationPage.verfyConfirmationPage(ConfirmationPage.java:52)
	at com.wyn.automation.pages.ConfirmationPage.verfyConfirmationPage(ConfirmationPage.java:52)
	at com.wyn.automation.pages.ConfirmationPage.verfyConfirmationPage(ConfirmationPage.java:52)
	at com.wyn.automation.pages.ConfirmationPage.verfyConfirmationPage(ConfirmationPage.java:52)
	at com.wyn.automation.pages.ConfirmationPage.verfyConfirmationPage(ConfirmationPage.java:52)
	at com.wyn.automation.pages.ConfirmationPage.verfyConfirmationPage(ConfirmationPage.java:52)
]]>
    </failure>
  </testcase> <!-- bookingFlowTest -->
</testsuite> <!-- BookingFlow -->
