<?xml version="1.0" encoding="UTF-8"?>
<!-- Generated by org.testng.reporters.JUnitXMLReporter -->
<testsuite hostname="HDC3-D-426QWJF" name="SiteMap" tests="1" failures="1" timestamp="31 Jan 2018 13:31:16 GMT" time="46.229" errors="0">
  <testcase name="siteMapLinksVerify" time="39.081" classname="com.wr.automation.rewards.SiteMap">
    <failure type="java.lang.AssertionError" message="expected [true] but found [false]">
      <![CDATA[java.lang.AssertionError: expected [true] but found [false]
	at com.wr.automation.rewards.pages.WrSiteMap.linkNav(WrSiteMap.java:83)
	at com.wr.automation.rewards.SiteMap.siteMapLinksVerify(SiteMap.java:15)
... Removed 28 stack frames]]>
    </failure>
  </testcase> <!-- siteMapLinksVerify -->
</testsuite> <!-- SiteMap -->
