<?xml version="1.0" encoding="UTF-8"?>
<!-- Generated by org.testng.reporters.JUnitXMLReporter -->
<testsuite hostname="DESKTOP-IPP40E4" ignored="0" name="Test" tests="1" failures="0" timestamp="28 Feb 2018 16:21:17 GMT" time="0.057" errors="0">
  <testcase name="@AfterTest endReport" time="0.002" classname="com.wyn.automation.base.BasePageTest">
    <failure type="java.lang.NullPointerException">
      <![CDATA[java.lang.NullPointerExceptionat com.wyn.automation.base.BasePageTest.endReport(BasePageTest.java:77)... Removed 24 stack frames]]>
    </failure>
  </testcase> <!-- @AfterTest endReport -->
  <testcase name="bookingFlowTest" time="0.009" classname="com.wyn.automaton.workflows.BookingWorkflow"/>
</testsuite> <!-- Test -->
