<?xml version="1.0" encoding="UTF-8"?>
<testng-results skipped="0" failed="0" ignored="0" total="1" passed="1">
  <reporter-output>
  </reporter-output>
  <suite name="Suite" duration-ms="57" started-at="2018-02-28T16:21:17Z" finished-at="2018-02-28T16:21:17Z">
    <groups>
    </groups>
    <test name="Test" duration-ms="57" started-at="2018-02-28T16:21:17Z" finished-at="2018-02-28T16:21:17Z">
      <class name="com.wyn.automaton.workflows.BookingWorkflow">
        <test-method status="PASS" signature="beforeSuite()[pri:0, instance:com.wyn.automaton.workflows.BookingWorkflow@b7dd107]" name="beforeSuite" is-config="true" duration-ms="18" started-at="2018-02-28T21:51:17Z" finished-at="2018-02-28T21:51:17Z">
          <reporter-output>
          </reporter-output>
        </test-method> <!-- beforeSuite -->
        <test-method status="PASS" signature="beforeMethod()[pri:0, instance:com.wyn.automaton.workflows.BookingWorkflow@b7dd107]" name="beforeMethod" is-config="true" duration-ms="0" started-at="2018-02-28T21:51:17Z" finished-at="2018-02-28T21:51:17Z">
          <reporter-output>
          </reporter-output>
        </test-method> <!-- beforeMethod -->
        <test-method status="PASS" signature="bookingFlowTest()[pri:0, instance:com.wyn.automaton.workflows.BookingWorkflow@b7dd107]" name="bookingFlowTest" duration-ms="9" started-at="2018-02-28T21:51:17Z" finished-at="2018-02-28T21:51:17Z">
          <reporter-output>
          </reporter-output>
        </test-method> <!-- bookingFlowTest -->
        <test-method status="PASS" signature="afterMethod(org.testng.ITestResult)[pri:0, instance:com.wyn.automaton.workflows.BookingWorkflow@b7dd107]" name="afterMethod" is-config="true" duration-ms="4" started-at="2018-02-28T21:51:17Z" finished-at="2018-02-28T21:51:17Z">
          <params>
            <param index="0">
              <value>
                <![CDATA[[TestResult name=bookingFlowTest status=SUCCESS method=BookingWorkflow.bookingFlowTest()[pri:0, instance:com.wyn.automaton.workflows.BookingWorkflow@b7dd107] output={null}]]]>
              </value>
            </param>
          </params>
          <reporter-output>
          </reporter-output>
        </test-method> <!-- afterMethod -->
        <test-method status="FAIL" signature="endReport()[pri:0, instance:com.wyn.automaton.workflows.BookingWorkflow@b7dd107]" name="endReport" is-config="true" duration-ms="2" started-at="2018-02-28T21:51:17Z" finished-at="2018-02-28T21:51:17Z">
          <exception class="java.lang.NullPointerException">
            <full-stacktrace>
              <![CDATA[java.lang.NullPointerExceptionat com.wyn.automation.base.BasePageTest.endReport(BasePageTest.java:77)at sun.reflect.NativeMethodAccessorImpl.invoke0(Native Method)at sun.reflect.NativeMethodAccessorImpl.invoke(Unknown Source)at sun.reflect.DelegatingMethodAccessorImpl.invoke(Unknown Source)at java.lang.reflect.Method.invoke(Unknown Source)at org.testng.internal.MethodInvocationHelper.invokeMethod(MethodInvocationHelper.java:124)at org.testng.internal.MethodInvocationHelper.invokeMethodConsideringTimeout(MethodInvocationHelper.java:59)at org.testng.internal.Invoker.invokeConfigurationMethod(Invoker.java:451)at org.testng.internal.Invoker.invokeConfigurations(Invoker.java:222)at org.testng.internal.Invoker.invokeConfigurations(Invoker.java:142)at org.testng.TestRunner.afterRun(TestRunner.java:725)at org.testng.TestRunner.run(TestRunner.java:509)at org.testng.SuiteRunner.runTest(SuiteRunner.java:455)at org.testng.SuiteRunner.runSequentially(SuiteRunner.java:450)at org.testng.SuiteRunner.privateRun(SuiteRunner.java:415)at org.testng.SuiteRunner.run(SuiteRunner.java:364)at org.testng.SuiteRunnerWorker.runSuite(SuiteRunnerWorker.java:52)at org.testng.SuiteRunnerWorker.run(SuiteRunnerWorker.java:84)at org.testng.TestNG.runSuitesSequentially(TestNG.java:1187)at org.testng.TestNG.runSuitesLocally(TestNG.java:1116)at org.testng.TestNG.runSuites(TestNG.java:1028)at org.testng.TestNG.run(TestNG.java:996)at org.testng.remote.AbstractRemoteTestNG.run(AbstractRemoteTestNG.java:114)at org.testng.remote.RemoteTestNG.initAndRun(RemoteTestNG.java:251)at org.testng.remote.RemoteTestNG.main(RemoteTestNG.java:77)]]>
            </full-stacktrace>
          </exception> <!-- java.lang.NullPointerException -->
          <reporter-output>
          </reporter-output>
        </test-method> <!-- endReport -->
        <test-method status="SKIP" signature="afterSuite()[pri:0, instance:com.wyn.automaton.workflows.BookingWorkflow@b7dd107]" name="afterSuite" is-config="true" duration-ms="0" started-at="2018-02-28T21:51:17Z" finished-at="2018-02-28T21:51:17Z">
          <reporter-output>
          </reporter-output>
        </test-method> <!-- afterSuite -->
      </class> <!-- com.wyn.automaton.workflows.BookingWorkflow -->
    </test> <!-- Test -->
  </suite> <!-- Suite -->
</testng-results>
